# project ns (3.29) configured on Tue May 31 22:42:09 2022 by
# waf 2.0.9 (abi 20, python 3080af0 on linux)
# using ./waf configure --build-profile=debug --enable-examples --enable-tests
#
----------------------------------------
Setting top to
/home/brian/netproject/NetProject/ns-allinone-3.29/ns-3.29
----------------------------------------
Setting out to
/home/brian/netproject/NetProject/ns-allinone-3.29/ns-3.29/build
----------------------------------------
Checking for 'gcc' (C compiler)
find program=['gcc', 'cc'] paths=['/home/brian/bin', '/usr/local/bin', '/usr/local/sbin', '/usr/local/bin', '/usr/sbin', '/usr/bin', '/sbin', '/bin', '/usr/games', '/usr/local/games', '/usr/lib/wsl/lib', '/mnt/c/Program Files (x86)/Intel/Intel(R) Management Engine Components/iCLS/', '/mnt/c/Program Files/Intel/Intel(R) Management Engine Components/iCLS/', '/mnt/c/Program Files (x86)/Common Files/Oracle/Java/javapath', '/mnt/c/ProgramData/Oracle/Java/javapath', '/mnt/c/windows/system32', '/mnt/c/windows', '/mnt/c/windows/System32/Wbem', '/mnt/c/windows/System32/WindowsPowerShell/v1.0/', '/mnt/c/Program Files (x86)/NVIDIA Corporation/PhysX/Common', '/mnt/c/WINDOWS/system32', '/mnt/c/WINDOWS', '/mnt/c/WINDOWS/System32/Wbem', '/mnt/c/WINDOWS/System32/WindowsPowerShell/v1.0/', '/mnt/c/WINDOWS/System32/OpenSSH/', '/mnt/c/Program Files/Intel/WiFi/bin/', '/mnt/c/Program Files/Common Files/Intel/WirelessCommon/', '/mnt/c/Program Files (x86)/Intel/Intel(R) Management Engine Components/DAL', '/mnt/c/Program Files/Intel/Intel(R) Management Engine Components/DAL', '/mnt/c/Program Files/Java/jdk-11.0.6/bin', '/mnt/c/Program Files/Git/cmd', '/mnt/c/ProgramData/chocolatey/bin', '/mnt/c/Program Files/Microsoft VS Code/bin', '/mnt/c/MinGW/bin', '/mnt/c/Users/user/AppData/Local/Microsoft/WindowsApps', '/mnt/c/src/flutter/bin', '/mnt/c/Users/user/AppData/Local/atom/bin', '/mnt/c/Users/user/AppData/Local/Microsoft/WindowsApps', '/mnt/c/Program Files/JetBrains/PyCharm 2021.3.3/bin', '/mnt/c/MinGW/bin'] var='CC' -> ['/usr/bin/gcc']
['/usr/bin/gcc', '-dM', '-E', '-']
out: #define __SSP_STRONG__ 3
#define __DBL_MIN_EXP__ (-1021)
#define __FLT32X_MAX_EXP__ 1024
#define __UINT_LEAST16_MAX__ 0xffff
#define __ATOMIC_ACQUIRE 2
#define __FLT128_MAX_10_EXP__ 4932
#define __FLT_MIN__ 1.17549435082228750796873653722224568e-38F
#define __GCC_IEC_559_COMPLEX 2
#define __UINT_LEAST8_TYPE__ unsigned char
#define __SIZEOF_FLOAT80__ 16
#define __INTMAX_C(c) c ## L
#define __CHAR_BIT__ 8
#define __UINT8_MAX__ 0xff
#define __WINT_MAX__ 0xffffffffU
#define __FLT32_MIN_EXP__ (-125)
#define __ORDER_LITTLE_ENDIAN__ 1234
#define __SIZE_MAX__ 0xffffffffffffffffUL
#define __WCHAR_MAX__ 0x7fffffff
#define __GCC_HAVE_SYNC_COMPARE_AND_SWAP_1 1
#define __GCC_HAVE_SYNC_COMPARE_AND_SWAP_2 1
#define __GCC_HAVE_SYNC_COMPARE_AND_SWAP_4 1
#define __DBL_DENORM_MIN__ ((double)4.94065645841246544176568792868221372e-324L)
#define __GCC_HAVE_SYNC_COMPARE_AND_SWAP_8 1
#define __GCC_ATOMIC_CHAR_LOCK_FREE 2
#define __GCC_IEC_559 2
#define __FLT32X_DECIMAL_DIG__ 17
#define __FLT_EVAL_METHOD__ 0
#define __unix__ 1
#define __FLT64_DECIMAL_DIG__ 17
#define __CET__ 3
#define __GCC_ATOMIC_CHAR32_T_LOCK_FREE 2
#define __x86_64 1
#define __UINT_FAST64_MAX__ 0xffffffffffffffffUL
#define __SIG_ATOMIC_TYPE__ int
#define __DBL_MIN_10_EXP__ (-307)
#define __FINITE_MATH_ONLY__ 0
#define __GNUC_PATCHLEVEL__ 0
#define __FLT32_HAS_DENORM__ 1
#define __UINT_FAST8_MAX__ 0xff
#define __has_include(STR) __has_include__(STR)
#define __DEC64_MAX_EXP__ 385
#define __INT8_C(c) c
#define __INT_LEAST8_WIDTH__ 8
#define __UINT_LEAST64_MAX__ 0xffffffffffffffffUL
#define __SHRT_MAX__ 0x7fff
#define __LDBL_MAX__ 1.18973149535723176502126385303097021e+4932L
#define __FLT64X_MAX_10_EXP__ 4932
#define __UINT_LEAST8_MAX__ 0xff
#define __GCC_ATOMIC_BOOL_LOCK_FREE 2
#define __FLT128_DENORM_MIN__ 6.47517511943802511092443895822764655e-4966F128
#define __UINTMAX_TYPE__ long unsigned int
#define __linux 1
#define __DEC32_EPSILON__ 1E-6DF
#define __FLT_EVAL_METHOD_TS_18661_3__ 0
#define __unix 1
#define __UINT32_MAX__ 0xffffffffU
#define __LDBL_MAX_EXP__ 16384
#define __FLT128_MIN_EXP__ (-16381)
#define __WINT_MIN__ 0U
#define __linux__ 1
#define __FLT128_MIN_10_EXP__ (-4931)
#define __INT_LEAST16_WIDTH__ 16
#define __SCHAR_MAX__ 0x7f
#define __FLT128_MANT_DIG__ 113
#define __WCHAR_MIN__ (-__WCHAR_MAX__ - 1)
#define __INT64_C(c) c ## L
#define __DBL_DIG__ 15
#define __GCC_ATOMIC_POINTER_LOCK_FREE 2
#define __FLT64X_MANT_DIG__ 64
#define __SIZEOF_INT__ 4
#define __SIZEOF_POINTER__ 8
#define __USER_LABEL_PREFIX__ 
#define __FLT64X_EPSILON__ 1.08420217248550443400745280086994171e-19F64x
#define __STDC_HOSTED__ 1
#define __LDBL_HAS_INFINITY__ 1
#define __FLT32_DIG__ 6
#define __FLT_EPSILON__ 1.19209289550781250000000000000000000e-7F
#define __SHRT_WIDTH__ 16
#define __LDBL_MIN__ 3.36210314311209350626267781732175260e-4932L
#define __STDC_UTF_16__ 1
#define __DEC32_MAX__ 9.999999E96DF
#define __FLT64X_DENORM_MIN__ 3.64519953188247460252840593361941982e-4951F64x
#define __FLT32X_HAS_INFINITY__ 1
#define __INT32_MAX__ 0x7fffffff
#define __INT_WIDTH__ 32
#define __SIZEOF_LONG__ 8
#define __STDC_IEC_559__ 1
#define __STDC_ISO_10646__ 201706L
#define __UINT16_C(c) c
#define __PTRDIFF_WIDTH__ 64
#define __DECIMAL_DIG__ 21
#define __FLT64_EPSILON__ 2.22044604925031308084726333618164062e-16F64
#define __gnu_linux__ 1
#define __INTMAX_WIDTH__ 64
#define __has_include_next(STR) __has_include_next__(STR)
#define __FLT64X_MIN_10_EXP__ (-4931)
#define __LDBL_HAS_QUIET_NAN__ 1
#define __FLT64_MANT_DIG__ 53
#define __GNUC__ 9
#define __pie__ 2
#define __MMX__ 1
#define __FLT_HAS_DENORM__ 1
#define __SIZEOF_LONG_DOUBLE__ 16
#define __BIGGEST_ALIGNMENT__ 16
#define __FLT64_MAX_10_EXP__ 308
#define __DBL_MAX__ ((double)1.79769313486231570814527423731704357e+308L)
#define __INT_FAST32_MAX__ 0x7fffffffffffffffL
#define __DBL_HAS_INFINITY__ 1
#define __HAVE_SPECULATION_SAFE_VALUE 1
#define __DEC32_MIN_EXP__ (-94)
#define __INTPTR_WIDTH__ 64
#define __FLT32X_HAS_DENORM__ 1
#define __INT_FAST16_TYPE__ long int
#define __LDBL_HAS_DENORM__ 1
#define __FLT128_HAS_INFINITY__ 1
#define __DEC128_MAX__ 9.999999999999999999999999999999999E6144DL
#define __INT_LEAST32_MAX__ 0x7fffffff
#define __DEC32_MIN__ 1E-95DF
#define __DBL_MAX_EXP__ 1024
#define __WCHAR_WIDTH__ 32
#define __FLT32_MAX__ 3.40282346638528859811704183484516925e+38F32
#define __DEC128_EPSILON__ 1E-33DL
#define __SSE2_MATH__ 1
#define __ATOMIC_HLE_RELEASE 131072
#define __PTRDIFF_MAX__ 0x7fffffffffffffffL
#define __amd64 1
#define __ATOMIC_HLE_ACQUIRE 65536
#define __FLT32_HAS_QUIET_NAN__ 1
#define __LONG_LONG_MAX__ 0x7fffffffffffffffLL
#define __SIZEOF_SIZE_T__ 8
#define __FLT64X_MIN_EXP__ (-16381)
#define __SIZEOF_WINT_T__ 4
#define __LONG_LONG_WIDTH__ 64
#define __FLT32_MAX_EXP__ 128
#define __GCC_HAVE_DWARF2_CFI_ASM 1
#define __GXX_ABI_VERSION 1013
#define __FLT_MIN_EXP__ (-125)
#define __FLT64X_HAS_QUIET_NAN__ 1
#define __INT_FAST64_TYPE__ long int
#define __FLT64_DENORM_MIN__ 4.94065645841246544176568792868221372e-324F64
#define __DBL_MIN__ ((double)2.22507385850720138309023271733240406e-308L)
#define __PIE__ 2
#define __LP64__ 1
#define __FLT32X_EPSILON__ 2.22044604925031308084726333618164062e-16F32x
#define __DECIMAL_BID_FORMAT__ 1
#define __FLT64_MIN_EXP__ (-1021)
#define __FLT64_MIN_10_EXP__ (-307)
#define __FLT64X_DECIMAL_DIG__ 21
#define __DEC128_MIN__ 1E-6143DL
#define __REGISTER_PREFIX__ 
#define __UINT16_MAX__ 0xffff
#define __DBL_HAS_DENORM__ 1
#define __FLT32_MIN__ 1.17549435082228750796873653722224568e-38F32
#define __UINT8_TYPE__ unsigned char
#define __NO_INLINE__ 1
#define __FLT_MANT_DIG__ 24
#define __LDBL_DECIMAL_DIG__ 21
#define __VERSION__ "9.3.0"
#define __UINT64_C(c) c ## UL
#define _STDC_PREDEF_H 1
#define __GCC_ATOMIC_INT_LOCK_FREE 2
#define __FLT128_MAX_EXP__ 16384
#define __FLT32_MANT_DIG__ 24
#define __FLOAT_WORD_ORDER__ __ORDER_LITTLE_ENDIAN__
#define __STDC_IEC_559_COMPLEX__ 1
#define __FLT128_HAS_DENORM__ 1
#define __FLT128_DIG__ 33
#define __SCHAR_WIDTH__ 8
#define __INT32_C(c) c
#define __DEC64_EPSILON__ 1E-15DD
#define __ORDER_PDP_ENDIAN__ 3412
#define __DEC128_MIN_EXP__ (-6142)
#define __FLT32_MAX_10_EXP__ 38
#define __INT_FAST32_TYPE__ long int
#define __UINT_LEAST16_TYPE__ short unsigned int
#define __FLT64X_HAS_INFINITY__ 1
#define unix 1
#define __INT16_MAX__ 0x7fff
#define __SIZE_TYPE__ long unsigned int
#define __UINT64_MAX__ 0xffffffffffffffffUL
#define __FLT64X_DIG__ 18
#define __INT8_TYPE__ signed char
#define __ELF__ 1
#define __GCC_ASM_FLAG_OUTPUTS__ 1
#define __FLT_RADIX__ 2
#define __INT_LEAST16_TYPE__ short int
#define __LDBL_EPSILON__ 1.08420217248550443400745280086994171e-19L
#define __UINTMAX_C(c) c ## UL
#define __SSE_MATH__ 1
#define __k8 1
#define __SIG_ATOMIC_MAX__ 0x7fffffff
#define __GCC_ATOMIC_WCHAR_T_LOCK_FREE 2
#define __SIZEOF_PTRDIFF_T__ 8
#define __FLT32X_MANT_DIG__ 53
#define __x86_64__ 1
#define __FLT32X_MIN_EXP__ (-1021)
#define __DEC32_SUBNORMAL_MIN__ 0.000001E-95DF
#define __INT_FAST16_MAX__ 0x7fffffffffffffffL
#define __FLT64_DIG__ 15
#define __UINT_FAST32_MAX__ 0xffffffffffffffffUL
#define __UINT_LEAST64_TYPE__ long unsigned int
#define __FLT_HAS_QUIET_NAN__ 1
#define __FLT_MAX_10_EXP__ 38
#define __LONG_MAX__ 0x7fffffffffffffffL
#define __FLT64X_HAS_DENORM__ 1
#define __DEC128_SUBNORMAL_MIN__ 0.000000000000000000000000000000001E-6143DL
#define __FLT_HAS_INFINITY__ 1
#define __UINT_FAST16_TYPE__ long unsigned int
#define __DEC64_MAX__ 9.999999999999999E384DD
#define __INT_FAST32_WIDTH__ 64
#define __CHAR16_TYPE__ short unsigned int
#define __PRAGMA_REDEFINE_EXTNAME 1
#define __SIZE_WIDTH__ 64
#define __SEG_FS 1
#define __INT_LEAST16_MAX__ 0x7fff
#define __DEC64_MANT_DIG__ 16
#define __INT64_MAX__ 0x7fffffffffffffffL
#define __UINT_LEAST32_MAX__ 0xffffffffU
#define __SEG_GS 1
#define __FLT32_DENORM_MIN__ 1.40129846432481707092372958328991613e-45F32
#define __GCC_ATOMIC_LONG_LOCK_FREE 2
#define __SIG_ATOMIC_WIDTH__ 32
#define __INT_LEAST64_TYPE__ long int
#define __INT16_TYPE__ short int
#define __INT_LEAST8_TYPE__ signed char
#define __STDC_VERSION__ 201710L
#define __DEC32_MAX_EXP__ 97
#define __INT_FAST8_MAX__ 0x7f
#define __FLT128_MAX__ 1.18973149535723176508575932662800702e+4932F128
#define __INTPTR_MAX__ 0x7fffffffffffffffL
#define linux 1
#define __FLT64_HAS_QUIET_NAN__ 1
#define __FLT32_MIN_10_EXP__ (-37)
#define __SSE2__ 1
#define __FLT32X_DIG__ 15
#define __LDBL_MANT_DIG__ 64
#define __DBL_HAS_QUIET_NAN__ 1
#define __FLT64_HAS_INFINITY__ 1
#define __FLT64X_MAX__ 1.18973149535723176502126385303097021e+4932F64x
#define __SIG_ATOMIC_MIN__ (-__SIG_ATOMIC_MAX__ - 1)
#define __code_model_small__ 1
#define __k8__ 1
#define __INTPTR_TYPE__ long int
#define __UINT16_TYPE__ short unsigned int
#define __WCHAR_TYPE__ int
#define __SIZEOF_FLOAT__ 4
#define __pic__ 2
#define __UINTPTR_MAX__ 0xffffffffffffffffUL
#define __INT_FAST64_WIDTH__ 64
#define __DEC64_MIN_EXP__ (-382)
#define __FLT32_DECIMAL_DIG__ 9
#define __INT_FAST64_MAX__ 0x7fffffffffffffffL
#define __GCC_ATOMIC_TEST_AND_SET_TRUEVAL 1
#define __FLT_DIG__ 6
#define __FLT32_HAS_INFINITY__ 1
#define __FLT64X_MAX_EXP__ 16384
#define __UINT_FAST64_TYPE__ long unsigned int
#define __INT_MAX__ 0x7fffffff
#define __amd64__ 1
#define __INT64_TYPE__ long int
#define __FLT_MAX_EXP__ 128
#define __ORDER_BIG_ENDIAN__ 4321
#define __DBL_MANT_DIG__ 53
#define __SIZEOF_FLOAT128__ 16
#define __INT_LEAST64_MAX__ 0x7fffffffffffffffL
#define __GCC_ATOMIC_CHAR16_T_LOCK_FREE 2
#define __DEC64_MIN__ 1E-383DD
#define __WINT_TYPE__ unsigned int
#define __UINT_LEAST32_TYPE__ unsigned int
#define __SIZEOF_SHORT__ 2
#define __SSE__ 1
#define __LDBL_MIN_EXP__ (-16381)
#define __FLT64_MAX__ 1.79769313486231570814527423731704357e+308F64
#define __WINT_WIDTH__ 32
#define __INT_LEAST8_MAX__ 0x7f
#define __FLT32X_MAX_10_EXP__ 308
#define __SIZEOF_INT128__ 16
#define __LDBL_MAX_10_EXP__ 4932
#define __ATOMIC_RELAXED 0
#define __DBL_EPSILON__ ((double)2.22044604925031308084726333618164062e-16L)
#define __FLT128_MIN__ 3.36210314311209350626267781732175260e-4932F128
#define _LP64 1
#define __UINT8_C(c) c
#define __FLT64_MAX_EXP__ 1024
#define __INT_LEAST32_TYPE__ int
#define __SIZEOF_WCHAR_T__ 4
#define __UINT64_TYPE__ long unsigned int
#define __FLT128_HAS_QUIET_NAN__ 1
#define __INT_FAST8_TYPE__ signed char
#define __FLT64X_MIN__ 3.36210314311209350626267781732175260e-4932F64x
#define __GNUC_STDC_INLINE__ 1
#define __FLT64_HAS_DENORM__ 1
#define __FLT32_EPSILON__ 1.19209289550781250000000000000000000e-7F32
#define __DBL_DECIMAL_DIG__ 17
#define __STDC_UTF_32__ 1
#define __INT_FAST8_WIDTH__ 8
#define __FXSR__ 1
#define __DEC_EVAL_METHOD__ 2
#define __FLT32X_MAX__ 1.79769313486231570814527423731704357e+308F32x
#define __UINT32_C(c) c ## U
#define __INTMAX_MAX__ 0x7fffffffffffffffL
#define __BYTE_ORDER__ __ORDER_LITTLE_ENDIAN__
#define __FLT_DENORM_MIN__ 1.40129846432481707092372958328991613e-45F
#define __INT8_MAX__ 0x7f
#define __LONG_WIDTH__ 64
#define __PIC__ 2
#define __UINT_FAST32_TYPE__ long unsigned int
#define __CHAR32_TYPE__ unsigned int
#define __FLT_MAX__ 3.40282346638528859811704183484516925e+38F
#define __INT32_TYPE__ int
#define __SIZEOF_DOUBLE__ 8
#define __FLT_MIN_10_EXP__ (-37)
#define __FLT64_MIN__ 2.22507385850720138309023271733240406e-308F64
#define __INT_LEAST32_WIDTH__ 32
#define __INTMAX_TYPE__ long int
#define __DEC128_MAX_EXP__ 6145
#define __FLT32X_HAS_QUIET_NAN__ 1
#define __ATOMIC_CONSUME 1
#define __GNUC_MINOR__ 3
#define __INT_FAST16_WIDTH__ 64
#define __UINTMAX_MAX__ 0xffffffffffffffffUL
#define __DEC32_MANT_DIG__ 7
#define __FLT32X_DENORM_MIN__ 4.94065645841246544176568792868221372e-324F32x
#define __DBL_MAX_10_EXP__ 308
#define __LDBL_DENORM_MIN__ 3.64519953188247460252840593361941982e-4951L
#define __INT16_C(c) c
#define __STDC__ 1
#define __PTRDIFF_TYPE__ long int
#define __ATOMIC_SEQ_CST 5
#define __UINT32_TYPE__ unsigned int
#define __FLT32X_MIN_10_EXP__ (-307)
#define __UINTPTR_TYPE__ long unsigned int
#define __DEC64_SUBNORMAL_MIN__ 0.000000000000001E-383DD
#define __DEC128_MANT_DIG__ 34
#define __LDBL_MIN_10_EXP__ (-4931)
#define __FLT128_EPSILON__ 1.92592994438723585305597794258492732e-34F128
#define __SIZEOF_LONG_LONG__ 8
#define __FLT128_DECIMAL_DIG__ 36
#define __GCC_ATOMIC_LLONG_LOCK_FREE 2
#define __FLT32X_MIN__ 2.22507385850720138309023271733240406e-308F32x
#define __LDBL_DIG__ 18
#define __FLT_DECIMAL_DIG__ 9
#define __UINT_FAST16_MAX__ 0xffffffffffffffffUL
#define __GCC_ATOMIC_SHORT_LOCK_FREE 2
#define __INT_LEAST64_WIDTH__ 64
#define __UINT_FAST8_TYPE__ unsigned char
#define __ATOMIC_ACQ_REL 4
#define __ATOMIC_RELEASE 3

find program=['ar'] paths=['/home/brian/bin', '/usr/local/bin', '/usr/local/sbin', '/usr/local/bin', '/usr/sbin', '/usr/bin', '/sbin', '/bin', '/usr/games', '/usr/local/games', '/usr/lib/wsl/lib', '/mnt/c/Program Files (x86)/Intel/Intel(R) Management Engine Components/iCLS/', '/mnt/c/Program Files/Intel/Intel(R) Management Engine Components/iCLS/', '/mnt/c/Program Files (x86)/Common Files/Oracle/Java/javapath', '/mnt/c/ProgramData/Oracle/Java/javapath', '/mnt/c/windows/system32', '/mnt/c/windows', '/mnt/c/windows/System32/Wbem', '/mnt/c/windows/System32/WindowsPowerShell/v1.0/', '/mnt/c/Program Files (x86)/NVIDIA Corporation/PhysX/Common', '/mnt/c/WINDOWS/system32', '/mnt/c/WINDOWS', '/mnt/c/WINDOWS/System32/Wbem', '/mnt/c/WINDOWS/System32/WindowsPowerShell/v1.0/', '/mnt/c/WINDOWS/System32/OpenSSH/', '/mnt/c/Program Files/Intel/WiFi/bin/', '/mnt/c/Program Files/Common Files/Intel/WirelessCommon/', '/mnt/c/Program Files (x86)/Intel/Intel(R) Management Engine Components/DAL', '/mnt/c/Program Files/Intel/Intel(R) Management Engine Components/DAL', '/mnt/c/Program Files/Java/jdk-11.0.6/bin', '/mnt/c/Program Files/Git/cmd', '/mnt/c/ProgramData/chocolatey/bin', '/mnt/c/Program Files/Microsoft VS Code/bin', '/mnt/c/MinGW/bin', '/mnt/c/Users/user/AppData/Local/Microsoft/WindowsApps', '/mnt/c/src/flutter/bin', '/mnt/c/Users/user/AppData/Local/atom/bin', '/mnt/c/Users/user/AppData/Local/Microsoft/WindowsApps', '/mnt/c/Program Files/JetBrains/PyCharm 2021.3.3/bin', '/mnt/c/MinGW/bin'] var='AR' -> ['/usr/bin/ar']
/usr/bin/gcc
----------------------------------------
Checking for cc version
9.3.0
----------------------------------------
Checking for 'g++' (C++ compiler)
find program=['g++', 'c++'] paths=['/home/brian/bin', '/usr/local/bin', '/usr/local/sbin', '/usr/local/bin', '/usr/sbin', '/usr/bin', '/sbin', '/bin', '/usr/games', '/usr/local/games', '/usr/lib/wsl/lib', '/mnt/c/Program Files (x86)/Intel/Intel(R) Management Engine Components/iCLS/', '/mnt/c/Program Files/Intel/Intel(R) Management Engine Components/iCLS/', '/mnt/c/Program Files (x86)/Common Files/Oracle/Java/javapath', '/mnt/c/ProgramData/Oracle/Java/javapath', '/mnt/c/windows/system32', '/mnt/c/windows', '/mnt/c/windows/System32/Wbem', '/mnt/c/windows/System32/WindowsPowerShell/v1.0/', '/mnt/c/Program Files (x86)/NVIDIA Corporation/PhysX/Common', '/mnt/c/WINDOWS/system32', '/mnt/c/WINDOWS', '/mnt/c/WINDOWS/System32/Wbem', '/mnt/c/WINDOWS/System32/WindowsPowerShell/v1.0/', '/mnt/c/WINDOWS/System32/OpenSSH/', '/mnt/c/Program Files/Intel/WiFi/bin/', '/mnt/c/Program Files/Common Files/Intel/WirelessCommon/', '/mnt/c/Program Files (x86)/Intel/Intel(R) Management Engine Components/DAL', '/mnt/c/Program Files/Intel/Intel(R) Management Engine Components/DAL', '/mnt/c/Program Files/Java/jdk-11.0.6/bin', '/mnt/c/Program Files/Git/cmd', '/mnt/c/ProgramData/chocolatey/bin', '/mnt/c/Program Files/Microsoft VS Code/bin', '/mnt/c/MinGW/bin', '/mnt/c/Users/user/AppData/Local/Microsoft/WindowsApps', '/mnt/c/src/flutter/bin', '/mnt/c/Users/user/AppData/Local/atom/bin', '/mnt/c/Users/user/AppData/Local/Microsoft/WindowsApps', '/mnt/c/Program Files/JetBrains/PyCharm 2021.3.3/bin', '/mnt/c/MinGW/bin'] var='CXX' -> ['/usr/bin/g++']
['/usr/bin/g++', '-dM', '-E', '-']
out: #define __SSP_STRONG__ 3
#define __DBL_MIN_EXP__ (-1021)
#define __FLT32X_MAX_EXP__ 1024
#define __UINT_LEAST16_MAX__ 0xffff
#define __ATOMIC_ACQUIRE 2
#define __FLT128_MAX_10_EXP__ 4932
#define __FLT_MIN__ 1.17549435082228750796873653722224568e-38F
#define __GCC_IEC_559_COMPLEX 2
#define __UINT_LEAST8_TYPE__ unsigned char
#define __SIZEOF_FLOAT80__ 16
#define __INTMAX_C(c) c ## L
#define __CHAR_BIT__ 8
#define __UINT8_MAX__ 0xff
#define __WINT_MAX__ 0xffffffffU
#define __FLT32_MIN_EXP__ (-125)
#define __ORDER_LITTLE_ENDIAN__ 1234
#define __SIZE_MAX__ 0xffffffffffffffffUL
#define __WCHAR_MAX__ 0x7fffffff
#define __GCC_HAVE_SYNC_COMPARE_AND_SWAP_1 1
#define __GCC_HAVE_SYNC_COMPARE_AND_SWAP_2 1
#define __GCC_HAVE_SYNC_COMPARE_AND_SWAP_4 1
#define __DBL_DENORM_MIN__ ((double)4.94065645841246544176568792868221372e-324L)
#define __GCC_HAVE_SYNC_COMPARE_AND_SWAP_8 1
#define __GCC_ATOMIC_CHAR_LOCK_FREE 2
#define __GCC_IEC_559 2
#define __FLT32X_DECIMAL_DIG__ 17
#define __FLT_EVAL_METHOD__ 0
#define __unix__ 1
#define __FLT64_DECIMAL_DIG__ 17
#define __CET__ 3
#define __GCC_ATOMIC_CHAR32_T_LOCK_FREE 2
#define __x86_64 1
#define __UINT_FAST64_MAX__ 0xffffffffffffffffUL
#define __SIG_ATOMIC_TYPE__ int
#define __DBL_MIN_10_EXP__ (-307)
#define __FINITE_MATH_ONLY__ 0
#define __GNUC_PATCHLEVEL__ 0
#define __FLT32_HAS_DENORM__ 1
#define __UINT_FAST8_MAX__ 0xff
#define __has_include(STR) __has_include__(STR)
#define __DEC64_MAX_EXP__ 385
#define __INT8_C(c) c
#define __INT_LEAST8_WIDTH__ 8
#define __UINT_LEAST64_MAX__ 0xffffffffffffffffUL
#define __SHRT_MAX__ 0x7fff
#define __LDBL_MAX__ 1.18973149535723176502126385303097021e+4932L
#define __FLT64X_MAX_10_EXP__ 4932
#define __UINT_LEAST8_MAX__ 0xff
#define __GCC_ATOMIC_BOOL_LOCK_FREE 2
#define __FLT128_DENORM_MIN__ 6.47517511943802511092443895822764655e-4966F128
#define __UINTMAX_TYPE__ long unsigned int
#define __linux 1
#define __DEC32_EPSILON__ 1E-6DF
#define __FLT_EVAL_METHOD_TS_18661_3__ 0
#define __unix 1
#define __UINT32_MAX__ 0xffffffffU
#define __LDBL_MAX_EXP__ 16384
#define __FLT128_MIN_EXP__ (-16381)
#define __WINT_MIN__ 0U
#define __linux__ 1
#define __FLT128_MIN_10_EXP__ (-4931)
#define __INT_LEAST16_WIDTH__ 16
#define __SCHAR_MAX__ 0x7f
#define __FLT128_MANT_DIG__ 113
#define __WCHAR_MIN__ (-__WCHAR_MAX__ - 1)
#define __INT64_C(c) c ## L
#define __DBL_DIG__ 15
#define __GCC_ATOMIC_POINTER_LOCK_FREE 2
#define __FLT64X_MANT_DIG__ 64
#define __SIZEOF_INT__ 4
#define __SIZEOF_POINTER__ 8
#define __USER_LABEL_PREFIX__ 
#define __FLT64X_EPSILON__ 1.08420217248550443400745280086994171e-19F64x
#define __STDC_HOSTED__ 1
#define __LDBL_HAS_INFINITY__ 1
#define __FLT32_DIG__ 6
#define __FLT_EPSILON__ 1.19209289550781250000000000000000000e-7F
#define __SHRT_WIDTH__ 16
#define __LDBL_MIN__ 3.36210314311209350626267781732175260e-4932L
#define __STDC_UTF_16__ 1
#define __DEC32_MAX__ 9.999999E96DF
#define __FLT64X_DENORM_MIN__ 3.64519953188247460252840593361941982e-4951F64x
#define __FLT32X_HAS_INFINITY__ 1
#define __INT32_MAX__ 0x7fffffff
#define __INT_WIDTH__ 32
#define __SIZEOF_LONG__ 8
#define __STDC_IEC_559__ 1
#define __STDC_ISO_10646__ 201706L
#define __UINT16_C(c) c
#define __PTRDIFF_WIDTH__ 64
#define __DECIMAL_DIG__ 21
#define __FLT64_EPSILON__ 2.22044604925031308084726333618164062e-16F64
#define __gnu_linux__ 1
#define __INTMAX_WIDTH__ 64
#define __has_include_next(STR) __has_include_next__(STR)
#define __FLT64X_MIN_10_EXP__ (-4931)
#define __LDBL_HAS_QUIET_NAN__ 1
#define __FLT64_MANT_DIG__ 53
#define __GNUC__ 9
#define __pie__ 2
#define __MMX__ 1
#define __FLT_HAS_DENORM__ 1
#define __SIZEOF_LONG_DOUBLE__ 16
#define __BIGGEST_ALIGNMENT__ 16
#define __FLT64_MAX_10_EXP__ 308
#define __DBL_MAX__ ((double)1.79769313486231570814527423731704357e+308L)
#define __INT_FAST32_MAX__ 0x7fffffffffffffffL
#define __DBL_HAS_INFINITY__ 1
#define __HAVE_SPECULATION_SAFE_VALUE 1
#define __DEC32_MIN_EXP__ (-94)
#define __INTPTR_WIDTH__ 64
#define __FLT32X_HAS_DENORM__ 1
#define __INT_FAST16_TYPE__ long int
#define __LDBL_HAS_DENORM__ 1
#define __FLT128_HAS_INFINITY__ 1
#define __DEC128_MAX__ 9.999999999999999999999999999999999E6144DL
#define __INT_LEAST32_MAX__ 0x7fffffff
#define __DEC32_MIN__ 1E-95DF
#define __DBL_MAX_EXP__ 1024
#define __WCHAR_WIDTH__ 32
#define __FLT32_MAX__ 3.40282346638528859811704183484516925e+38F32
#define __DEC128_EPSILON__ 1E-33DL
#define __SSE2_MATH__ 1
#define __ATOMIC_HLE_RELEASE 131072
#define __PTRDIFF_MAX__ 0x7fffffffffffffffL
#define __amd64 1
#define __ATOMIC_HLE_ACQUIRE 65536
#define __FLT32_HAS_QUIET_NAN__ 1
#define __LONG_LONG_MAX__ 0x7fffffffffffffffLL
#define __SIZEOF_SIZE_T__ 8
#define __FLT64X_MIN_EXP__ (-16381)
#define __SIZEOF_WINT_T__ 4
#define __LONG_LONG_WIDTH__ 64
#define __FLT32_MAX_EXP__ 128
#define __GCC_HAVE_DWARF2_CFI_ASM 1
#define __GXX_ABI_VERSION 1013
#define __FLT_MIN_EXP__ (-125)
#define __FLT64X_HAS_QUIET_NAN__ 1
#define __INT_FAST64_TYPE__ long int
#define __FLT64_DENORM_MIN__ 4.94065645841246544176568792868221372e-324F64
#define __DBL_MIN__ ((double)2.22507385850720138309023271733240406e-308L)
#define __PIE__ 2
#define __LP64__ 1
#define __FLT32X_EPSILON__ 2.22044604925031308084726333618164062e-16F32x
#define __DECIMAL_BID_FORMAT__ 1
#define __FLT64_MIN_EXP__ (-1021)
#define __FLT64_MIN_10_EXP__ (-307)
#define __FLT64X_DECIMAL_DIG__ 21
#define __DEC128_MIN__ 1E-6143DL
#define __REGISTER_PREFIX__ 
#define __UINT16_MAX__ 0xffff
#define __DBL_HAS_DENORM__ 1
#define __FLT32_MIN__ 1.17549435082228750796873653722224568e-38F32
#define __UINT8_TYPE__ unsigned char
#define __NO_INLINE__ 1
#define __FLT_MANT_DIG__ 24
#define __LDBL_DECIMAL_DIG__ 21
#define __VERSION__ "9.3.0"
#define __UINT64_C(c) c ## UL
#define _STDC_PREDEF_H 1
#define __GCC_ATOMIC_INT_LOCK_FREE 2
#define __FLT128_MAX_EXP__ 16384
#define __FLT32_MANT_DIG__ 24
#define __FLOAT_WORD_ORDER__ __ORDER_LITTLE_ENDIAN__
#define __STDC_IEC_559_COMPLEX__ 1
#define __FLT128_HAS_DENORM__ 1
#define __FLT128_DIG__ 33
#define __SCHAR_WIDTH__ 8
#define __INT32_C(c) c
#define __DEC64_EPSILON__ 1E-15DD
#define __ORDER_PDP_ENDIAN__ 3412
#define __DEC128_MIN_EXP__ (-6142)
#define __FLT32_MAX_10_EXP__ 38
#define __INT_FAST32_TYPE__ long int
#define __UINT_LEAST16_TYPE__ short unsigned int
#define __FLT64X_HAS_INFINITY__ 1
#define unix 1
#define __INT16_MAX__ 0x7fff
#define __SIZE_TYPE__ long unsigned int
#define __UINT64_MAX__ 0xffffffffffffffffUL
#define __FLT64X_DIG__ 18
#define __INT8_TYPE__ signed char
#define __ELF__ 1
#define __GCC_ASM_FLAG_OUTPUTS__ 1
#define __FLT_RADIX__ 2
#define __INT_LEAST16_TYPE__ short int
#define __LDBL_EPSILON__ 1.08420217248550443400745280086994171e-19L
#define __UINTMAX_C(c) c ## UL
#define __SSE_MATH__ 1
#define __k8 1
#define __SIG_ATOMIC_MAX__ 0x7fffffff
#define __GCC_ATOMIC_WCHAR_T_LOCK_FREE 2
#define __SIZEOF_PTRDIFF_T__ 8
#define __FLT32X_MANT_DIG__ 53
#define __x86_64__ 1
#define __FLT32X_MIN_EXP__ (-1021)
#define __DEC32_SUBNORMAL_MIN__ 0.000001E-95DF
#define __INT_FAST16_MAX__ 0x7fffffffffffffffL
#define __FLT64_DIG__ 15
#define __UINT_FAST32_MAX__ 0xffffffffffffffffUL
#define __UINT_LEAST64_TYPE__ long unsigned int
#define __FLT_HAS_QUIET_NAN__ 1
#define __FLT_MAX_10_EXP__ 38
#define __LONG_MAX__ 0x7fffffffffffffffL
#define __FLT64X_HAS_DENORM__ 1
#define __DEC128_SUBNORMAL_MIN__ 0.000000000000000000000000000000001E-6143DL
#define __FLT_HAS_INFINITY__ 1
#define __UINT_FAST16_TYPE__ long unsigned int
#define __DEC64_MAX__ 9.999999999999999E384DD
#define __INT_FAST32_WIDTH__ 64
#define __CHAR16_TYPE__ short unsigned int
#define __PRAGMA_REDEFINE_EXTNAME 1
#define __SIZE_WIDTH__ 64
#define __SEG_FS 1
#define __INT_LEAST16_MAX__ 0x7fff
#define __DEC64_MANT_DIG__ 16
#define __INT64_MAX__ 0x7fffffffffffffffL
#define __UINT_LEAST32_MAX__ 0xffffffffU
#define __SEG_GS 1
#define __FLT32_DENORM_MIN__ 1.40129846432481707092372958328991613e-45F32
#define __GCC_ATOMIC_LONG_LOCK_FREE 2
#define __SIG_ATOMIC_WIDTH__ 32
#define __INT_LEAST64_TYPE__ long int
#define __INT16_TYPE__ short int
#define __INT_LEAST8_TYPE__ signed char
#define __STDC_VERSION__ 201710L
#define __DEC32_MAX_EXP__ 97
#define __INT_FAST8_MAX__ 0x7f
#define __FLT128_MAX__ 1.18973149535723176508575932662800702e+4932F128
#define __INTPTR_MAX__ 0x7fffffffffffffffL
#define linux 1
#define __FLT64_HAS_QUIET_NAN__ 1
#define __FLT32_MIN_10_EXP__ (-37)
#define __SSE2__ 1
#define __FLT32X_DIG__ 15
#define __LDBL_MANT_DIG__ 64
#define __DBL_HAS_QUIET_NAN__ 1
#define __FLT64_HAS_INFINITY__ 1
#define __FLT64X_MAX__ 1.18973149535723176502126385303097021e+4932F64x
#define __SIG_ATOMIC_MIN__ (-__SIG_ATOMIC_MAX__ - 1)
#define __code_model_small__ 1
#define __k8__ 1
#define __INTPTR_TYPE__ long int
#define __UINT16_TYPE__ short unsigned int
#define __WCHAR_TYPE__ int
#define __SIZEOF_FLOAT__ 4
#define __pic__ 2
#define __UINTPTR_MAX__ 0xffffffffffffffffUL
#define __INT_FAST64_WIDTH__ 64
#define __DEC64_MIN_EXP__ (-382)
#define __FLT32_DECIMAL_DIG__ 9
#define __INT_FAST64_MAX__ 0x7fffffffffffffffL
#define __GCC_ATOMIC_TEST_AND_SET_TRUEVAL 1
#define __FLT_DIG__ 6
#define __FLT32_HAS_INFINITY__ 1
#define __FLT64X_MAX_EXP__ 16384
#define __UINT_FAST64_TYPE__ long unsigned int
#define __INT_MAX__ 0x7fffffff
#define __amd64__ 1
#define __INT64_TYPE__ long int
#define __FLT_MAX_EXP__ 128
#define __ORDER_BIG_ENDIAN__ 4321
#define __DBL_MANT_DIG__ 53
#define __SIZEOF_FLOAT128__ 16
#define __INT_LEAST64_MAX__ 0x7fffffffffffffffL
#define __GCC_ATOMIC_CHAR16_T_LOCK_FREE 2
#define __DEC64_MIN__ 1E-383DD
#define __WINT_TYPE__ unsigned int
#define __UINT_LEAST32_TYPE__ unsigned int
#define __SIZEOF_SHORT__ 2
#define __SSE__ 1
#define __LDBL_MIN_EXP__ (-16381)
#define __FLT64_MAX__ 1.79769313486231570814527423731704357e+308F64
#define __WINT_WIDTH__ 32
#define __INT_LEAST8_MAX__ 0x7f
#define __FLT32X_MAX_10_EXP__ 308
#define __SIZEOF_INT128__ 16
#define __LDBL_MAX_10_EXP__ 4932
#define __ATOMIC_RELAXED 0
#define __DBL_EPSILON__ ((double)2.22044604925031308084726333618164062e-16L)
#define __FLT128_MIN__ 3.36210314311209350626267781732175260e-4932F128
#define _LP64 1
#define __UINT8_C(c) c
#define __FLT64_MAX_EXP__ 1024
#define __INT_LEAST32_TYPE__ int
#define __SIZEOF_WCHAR_T__ 4
#define __UINT64_TYPE__ long unsigned int
#define __FLT128_HAS_QUIET_NAN__ 1
#define __INT_FAST8_TYPE__ signed char
#define __FLT64X_MIN__ 3.36210314311209350626267781732175260e-4932F64x
#define __GNUC_STDC_INLINE__ 1
#define __FLT64_HAS_DENORM__ 1
#define __FLT32_EPSILON__ 1.19209289550781250000000000000000000e-7F32
#define __DBL_DECIMAL_DIG__ 17
#define __STDC_UTF_32__ 1
#define __INT_FAST8_WIDTH__ 8
#define __FXSR__ 1
#define __DEC_EVAL_METHOD__ 2
#define __FLT32X_MAX__ 1.79769313486231570814527423731704357e+308F32x
#define __UINT32_C(c) c ## U
#define __INTMAX_MAX__ 0x7fffffffffffffffL
#define __BYTE_ORDER__ __ORDER_LITTLE_ENDIAN__
#define __FLT_DENORM_MIN__ 1.40129846432481707092372958328991613e-45F
#define __INT8_MAX__ 0x7f
#define __LONG_WIDTH__ 64
#define __PIC__ 2
#define __UINT_FAST32_TYPE__ long unsigned int
#define __CHAR32_TYPE__ unsigned int
#define __FLT_MAX__ 3.40282346638528859811704183484516925e+38F
#define __INT32_TYPE__ int
#define __SIZEOF_DOUBLE__ 8
#define __FLT_MIN_10_EXP__ (-37)
#define __FLT64_MIN__ 2.22507385850720138309023271733240406e-308F64
#define __INT_LEAST32_WIDTH__ 32
#define __INTMAX_TYPE__ long int
#define __DEC128_MAX_EXP__ 6145
#define __FLT32X_HAS_QUIET_NAN__ 1
#define __ATOMIC_CONSUME 1
#define __GNUC_MINOR__ 3
#define __INT_FAST16_WIDTH__ 64
#define __UINTMAX_MAX__ 0xffffffffffffffffUL
#define __DEC32_MANT_DIG__ 7
#define __FLT32X_DENORM_MIN__ 4.94065645841246544176568792868221372e-324F32x
#define __DBL_MAX_10_EXP__ 308
#define __LDBL_DENORM_MIN__ 3.64519953188247460252840593361941982e-4951L
#define __INT16_C(c) c
#define __STDC__ 1
#define __PTRDIFF_TYPE__ long int
#define __ATOMIC_SEQ_CST 5
#define __UINT32_TYPE__ unsigned int
#define __FLT32X_MIN_10_EXP__ (-307)
#define __UINTPTR_TYPE__ long unsigned int
#define __DEC64_SUBNORMAL_MIN__ 0.000000000000001E-383DD
#define __DEC128_MANT_DIG__ 34
#define __LDBL_MIN_10_EXP__ (-4931)
#define __FLT128_EPSILON__ 1.92592994438723585305597794258492732e-34F128
#define __SIZEOF_LONG_LONG__ 8
#define __FLT128_DECIMAL_DIG__ 36
#define __GCC_ATOMIC_LLONG_LOCK_FREE 2
#define __FLT32X_MIN__ 2.22507385850720138309023271733240406e-308F32x
#define __LDBL_DIG__ 18
#define __FLT_DECIMAL_DIG__ 9
#define __UINT_FAST16_MAX__ 0xffffffffffffffffUL
#define __GCC_ATOMIC_SHORT_LOCK_FREE 2
#define __INT_LEAST64_WIDTH__ 64
#define __UINT_FAST8_TYPE__ unsigned char
#define __ATOMIC_ACQ_REL 4
#define __ATOMIC_RELEASE 3

find program=['ar'] paths=['/home/brian/bin', '/usr/local/bin', '/usr/local/sbin', '/usr/local/bin', '/usr/sbin', '/usr/bin', '/sbin', '/bin', '/usr/games', '/usr/local/games', '/usr/lib/wsl/lib', '/mnt/c/Program Files (x86)/Intel/Intel(R) Management Engine Components/iCLS/', '/mnt/c/Program Files/Intel/Intel(R) Management Engine Components/iCLS/', '/mnt/c/Program Files (x86)/Common Files/Oracle/Java/javapath', '/mnt/c/ProgramData/Oracle/Java/javapath', '/mnt/c/windows/system32', '/mnt/c/windows', '/mnt/c/windows/System32/Wbem', '/mnt/c/windows/System32/WindowsPowerShell/v1.0/', '/mnt/c/Program Files (x86)/NVIDIA Corporation/PhysX/Common', '/mnt/c/WINDOWS/system32', '/mnt/c/WINDOWS', '/mnt/c/WINDOWS/System32/Wbem', '/mnt/c/WINDOWS/System32/WindowsPowerShell/v1.0/', '/mnt/c/WINDOWS/System32/OpenSSH/', '/mnt/c/Program Files/Intel/WiFi/bin/', '/mnt/c/Program Files/Common Files/Intel/WirelessCommon/', '/mnt/c/Program Files (x86)/Intel/Intel(R) Management Engine Components/DAL', '/mnt/c/Program Files/Intel/Intel(R) Management Engine Components/DAL', '/mnt/c/Program Files/Java/jdk-11.0.6/bin', '/mnt/c/Program Files/Git/cmd', '/mnt/c/ProgramData/chocolatey/bin', '/mnt/c/Program Files/Microsoft VS Code/bin', '/mnt/c/MinGW/bin', '/mnt/c/Users/user/AppData/Local/Microsoft/WindowsApps', '/mnt/c/src/flutter/bin', '/mnt/c/Users/user/AppData/Local/atom/bin', '/mnt/c/Users/user/AppData/Local/Microsoft/WindowsApps', '/mnt/c/Program Files/JetBrains/PyCharm 2021.3.3/bin', '/mnt/c/MinGW/bin'] var='AR' -> ['/usr/bin/ar']
/usr/bin/g++
------------------------------------------------------
Checking for compilation flag -Wl,--soname=foo support
==>
int main() { return 0; }
<==
[1/1] Compiling [32mbuild/.conf_check_576df207a385f09c841984d41c738c62/test.cpp[0m

['/usr/bin/g++', '-O0', '-ggdb', '-g3', '-Wall', '-Werror', '-Wl,--soname=foo', '-DNS3_BUILD_PROFILE_DEBUG', '-DNS3_ASSERT_ENABLE', '-DNS3_LOG_ENABLE', '../test.cpp', '-c', '-o/home/brian/netproject/NetProject/ns-allinone-3.29/ns-3.29/build/.conf_check_576df207a385f09c841984d41c738c62/testbuild/test.cpp.1.o']
ok
------------------------------------------------------
Checking for compilation flag -std=c++11 support
==>
int main() { return 0; }
<==
[1/1] Compiling [32mbuild/.conf_check_576df207a385f09c841984d41c738c62/test.cpp[0m

['/usr/bin/g++', '-O0', '-ggdb', '-g3', '-Wall', '-Werror', '-std=c++11', '-DNS3_BUILD_PROFILE_DEBUG', '-DNS3_ASSERT_ENABLE', '-DNS3_LOG_ENABLE', '../test.cpp', '-c', '-o/home/brian/netproject/NetProject/ns-allinone-3.29/ns-3.29/build/.conf_check_576df207a385f09c841984d41c738c62/testbuild/test.cpp.1.o']
ok
------------------------------------------------------
Checking for program 'python'
/usr/bin/python
find program=['python'] paths=['/home/brian/bin', '/usr/local/bin', '/usr/local/sbin', '/usr/local/bin', '/usr/sbin', '/usr/bin', '/sbin', '/bin', '/usr/games', '/usr/local/games', '/usr/lib/wsl/lib', '/mnt/c/Program Files (x86)/Intel/Intel(R) Management Engine Components/iCLS/', '/mnt/c/Program Files/Intel/Intel(R) Management Engine Components/iCLS/', '/mnt/c/Program Files (x86)/Common Files/Oracle/Java/javapath', '/mnt/c/ProgramData/Oracle/Java/javapath', '/mnt/c/windows/system32', '/mnt/c/windows', '/mnt/c/windows/System32/Wbem', '/mnt/c/windows/System32/WindowsPowerShell/v1.0/', '/mnt/c/Program Files (x86)/NVIDIA Corporation/PhysX/Common', '/mnt/c/WINDOWS/system32', '/mnt/c/WINDOWS', '/mnt/c/WINDOWS/System32/Wbem', '/mnt/c/WINDOWS/System32/WindowsPowerShell/v1.0/', '/mnt/c/WINDOWS/System32/OpenSSH/', '/mnt/c/Program Files/Intel/WiFi/bin/', '/mnt/c/Program Files/Common Files/Intel/WirelessCommon/', '/mnt/c/Program Files (x86)/Intel/Intel(R) Management Engine Components/DAL', '/mnt/c/Program Files/Intel/Intel(R) Management Engine Components/DAL', '/mnt/c/Program Files/Java/jdk-11.0.6/bin', '/mnt/c/Program Files/Git/cmd', '/mnt/c/ProgramData/chocolatey/bin', '/mnt/c/Program Files/Microsoft VS Code/bin', '/mnt/c/MinGW/bin', '/mnt/c/Users/user/AppData/Local/Microsoft/WindowsApps', '/mnt/c/src/flutter/bin', '/mnt/c/Users/user/AppData/Local/atom/bin', '/mnt/c/Users/user/AppData/Local/Microsoft/WindowsApps', '/mnt/c/Program Files/JetBrains/PyCharm 2021.3.3/bin', '/mnt/c/MinGW/bin'] var='PYTHON' -> ['/usr/bin/python']
['/usr/bin/python', '-c', 'import imp;print(imp.get_tag())']
out: cpython-38

err: <string>:1: DeprecationWarning: the imp module is deprecated in favour of importlib; see the module's documentation for alternative uses

['/usr/bin/python', '-c', 'import sys\nfor x in sys.version_info: print(str(x))']
out: 3
8
10
final
0

['/usr/bin/python', '-c', "from distutils.sysconfig import get_config_var, get_python_lib\n\nprint(repr(get_python_lib(standard_lib=0, prefix='/usr/local') or ''))"]
out: '/usr/local/lib/python3/dist-packages'

'/usr/local/lib/python3/dist-packages'

['/usr/bin/python', '-c', "from distutils.sysconfig import get_config_var, get_python_lib\n\nprint(repr(get_python_lib(plat_specific=1, standard_lib=0, prefix='/usr/local') or ''))"]
out: '/usr/local/lib/python3/dist-packages'

'/usr/local/lib/python3/dist-packages'

------------------------------------------------------
Checking for python version >= 2.3
3.8.10
['/usr/bin/python', '-c', "from distutils.sysconfig import get_config_var, get_python_lib\n\nprint(repr(get_config_var('prefix') or ''))\nprint(repr(get_config_var('SO') or ''))\nprint(repr(get_config_var('LDFLAGS') or ''))\nprint(repr(get_config_var('LIBDIR') or ''))\nprint(repr(get_config_var('LIBPL') or ''))\nprint(repr(get_config_var('INCLUDEPY') or ''))\nprint(repr(get_config_var('Py_ENABLE_SHARED') or ''))\nprint(repr(get_config_var('MACOSX_DEPLOYMENT_TARGET') or ''))\nprint(repr(get_config_var('LDSHARED') or ''))\nprint(repr(get_config_var('CFLAGS') or ''))\nprint(repr(get_config_var('LDVERSION') or ''))"]
out: '/usr'
'.cpython-38-x86_64-linux-gnu.so'
'-Wl,-Bsymbolic-functions  -Wl,-z,relro -g -fwrapv -O2   '
'/usr/lib'
'/usr/lib/python3.8/config-3.8-x86_64-linux-gnu'
'/usr/include/python3.8'
1
''
'x86_64-linux-gnu-gcc -pthread -shared -Wl,-O1 -Wl,-Bsymbolic-functions -Wl,-Bsymbolic-functions  -Wl,-z,relro -g -fwrapv -O2   '
'-Wno-unused-result -Wsign-compare -DNDEBUG -g -fwrapv -O2 -Wall -g   -fstack-protector-strong -Wformat -Werror=format-security  -g -fwrapv -O2   '
'3.8'

err: <string>:4: DeprecationWarning: SO is deprecated, use EXT_SUFFIX

'/usr'
'.cpython-38-x86_64-linux-gnu.so'
'-Wl,-Bsymbolic-functions  -Wl,-z,relro -g -fwrapv -O2   '
'/usr/lib'
'/usr/lib/python3.8/config-3.8-x86_64-linux-gnu'
'/usr/include/python3.8'
1
''
'x86_64-linux-gnu-gcc -pthread -shared -Wl,-O1 -Wl,-Bsymbolic-functions -Wl,-Bsymbolic-functions  -Wl,-z,relro -g -fwrapv -O2   '
'-Wno-unused-result -Wsign-compare -DNDEBUG -g -fwrapv -O2 -Wall -g   -fstack-protector-strong -Wformat -Werror=format-security  -g -fwrapv -O2   '
'3.8'

Configuration returned from ['/usr/bin/python']:
prefix = '/usr'
SO = '.cpython-38-x86_64-linux-gnu.so'
LDFLAGS = '-Wl,-Bsymbolic-functions  -Wl,-z,relro -g -fwrapv -O2   '
LIBDIR = '/usr/lib'
LIBPL = '/usr/lib/python3.8/config-3.8-x86_64-linux-gnu'
INCLUDEPY = '/usr/include/python3.8'
Py_ENABLE_SHARED = 1
MACOSX_DEPLOYMENT_TARGET = ''
LDSHARED = 'x86_64-linux-gnu-gcc -pthread -shared -Wl,-O1 -Wl,-Bsymbolic-functions -Wl,-Bsymbolic-functions  -Wl,-z,relro -g -fwrapv -O2   '
CFLAGS = '-Wno-unused-result -Wsign-compare -DNDEBUG -g -fwrapv -O2 -Wall -g   -fstack-protector-strong -Wformat -Werror=format-security  -g -fwrapv -O2   '
LDVERSION = '3.8'

------------------------------------------------------
python-config
/usr/bin/python3.8-config
find program=['/usr/bin/python-config', 'python3.8-config', 'python-config-3.8', 'python3.8m-config'] paths=['/home/brian/bin', '/usr/local/bin', '/usr/local/sbin', '/usr/local/bin', '/usr/sbin', '/usr/bin', '/sbin', '/bin', '/usr/games', '/usr/local/games', '/usr/lib/wsl/lib', '/mnt/c/Program Files (x86)/Intel/Intel(R) Management Engine Components/iCLS/', '/mnt/c/Program Files/Intel/Intel(R) Management Engine Components/iCLS/', '/mnt/c/Program Files (x86)/Common Files/Oracle/Java/javapath', '/mnt/c/ProgramData/Oracle/Java/javapath', '/mnt/c/windows/system32', '/mnt/c/windows', '/mnt/c/windows/System32/Wbem', '/mnt/c/windows/System32/WindowsPowerShell/v1.0/', '/mnt/c/Program Files (x86)/NVIDIA Corporation/PhysX/Common', '/mnt/c/WINDOWS/system32', '/mnt/c/WINDOWS', '/mnt/c/WINDOWS/System32/Wbem', '/mnt/c/WINDOWS/System32/WindowsPowerShell/v1.0/', '/mnt/c/WINDOWS/System32/OpenSSH/', '/mnt/c/Program Files/Intel/WiFi/bin/', '/mnt/c/Program Files/Common Files/Intel/WirelessCommon/', '/mnt/c/Program Files (x86)/Intel/Intel(R) Management Engine Components/DAL', '/mnt/c/Program Files/Intel/Intel(R) Management Engine Components/DAL', '/mnt/c/Program Files/Java/jdk-11.0.6/bin', '/mnt/c/Program Files/Git/cmd', '/mnt/c/ProgramData/chocolatey/bin', '/mnt/c/Program Files/Microsoft VS Code/bin', '/mnt/c/MinGW/bin', '/mnt/c/Users/user/AppData/Local/Microsoft/WindowsApps', '/mnt/c/src/flutter/bin', '/mnt/c/Users/user/AppData/Local/atom/bin', '/mnt/c/Users/user/AppData/Local/Microsoft/WindowsApps', '/mnt/c/Program Files/JetBrains/PyCharm 2021.3.3/bin', '/mnt/c/MinGW/bin'] var='PYTHON_CONFIG' -> ['/usr/bin/python3.8-config']
------------------------------------------------------------------
Asking python-config for pyembed '--cflags --libs --ldflags' flags
['/usr/bin/python3.8-config', '--cflags', '--libs', '--ldflags']
out: -I/usr/include/python3.8 -I/usr/include/python3.8  -Wno-unused-result -Wsign-compare -g -fdebug-prefix-map=/build/python3.8-4OrTnN/python3.8-3.8.10=. -specs=/usr/share/dpkg/no-pie-compile.specs -fstack-protector -Wformat -Werror=format-security  -DNDEBUG -g -fwrapv -O3 -Wall
 -lcrypt -lpthread -ldl  -lutil -lm -lm 
-L/usr/lib/python3.8/config-3.8-x86_64-linux-gnu -L/usr/lib  -lcrypt -lpthread -ldl  -lutil -lm -lm 

Unhandled flag '-Wno-unused-result'
Unhandled flag '-Wsign-compare'
Unhandled flag '-specs=/usr/share/dpkg/no-pie-compile.specs'
Unhandled flag '-Wformat'
Unhandled flag '-Werror=format-security'
Unhandled flag '-Wall'
yes
------------------------------------------------------------------
Testing pyembed configuration
==>

#include <Python.h>
#ifdef __cplusplus
extern "C" {
#endif
	void Py_Initialize(void);
	void Py_Finalize(void);
#ifdef __cplusplus
}
#endif
int main(int argc, char **argv)
{
   (void)argc; (void)argv;
   Py_Initialize();
   Py_Finalize();
   return 0;
}

<==
[1/2] Compiling [32mbuild/.conf_check_cf8953dc036d669e6f67b8fb22e0e036/test.cpp[0m

['/usr/bin/g++', '-O0', '-ggdb', '-g3', '-Wall', '-Werror', '-std=c++11', '-g', '-fdebug-prefix-map=/build/python3.8-4OrTnN/python3.8-3.8.10=.', '-fstack-protector', '-g', '-fwrapv', '-O3', '-I/usr/include/python3.8', '-DNS3_BUILD_PROFILE_DEBUG', '-DNS3_ASSERT_ENABLE', '-DNS3_LOG_ENABLE', '-DPYTHONDIR="/usr/local/lib/python3/dist-packages"', '-DPYTHONARCHDIR="/usr/local/lib/python3/dist-packages"', '-DNDEBUG', '../test.cpp', '-c', '-o/home/brian/netproject/NetProject/ns-allinone-3.29/ns-3.29/build/.conf_check_cf8953dc036d669e6f67b8fb22e0e036/testbuild/test.cpp.1.o']
[2/2] Linking [33mbuild/.conf_check_cf8953dc036d669e6f67b8fb22e0e036/testbuild/testprog[0m

['/usr/bin/g++', 'test.cpp.1.o', '-o/home/brian/netproject/NetProject/ns-allinone-3.29/ns-3.29/build/.conf_check_cf8953dc036d669e6f67b8fb22e0e036/testbuild/testprog', '-Wl,-Bstatic', '-Wl,-Bdynamic', '-L/usr/lib/python3.8/config-3.8-x86_64-linux-gnu', '-L/usr/lib', '-lcrypt', '-lpthread', '-ldl', '-lutil', '-lm', '-lm', '-lcrypt', '-lpthread', '-ldl', '-lutil', '-lm', '-lm']
err: /usr/bin/ld: test.cpp.1.o: in function `main':
/home/brian/netproject/NetProject/ns-allinone-3.29/ns-3.29/build/.conf_check_cf8953dc036d669e6f67b8fb22e0e036/testbuild/../test.cpp:14: undefined reference to `Py_Initialize'
/usr/bin/ld: /home/brian/netproject/NetProject/ns-allinone-3.29/ns-3.29/build/.conf_check_cf8953dc036d669e6f67b8fb22e0e036/testbuild/../test.cpp:15: undefined reference to `Py_Finalize'
collect2: error: ld returned 1 exit status

from /home/brian/netproject/NetProject/ns-allinone-3.29/ns-3.29/bindings/python: Test does not build: Traceback (most recent call last):
  File "/home/brian/netproject/NetProject/ns-allinone-3.29/ns-3.29/.waf3-2.0.9-897e824215d3dab2b64982d8af27db90/waflib/Configure.py", line 324, in run_build
    bld.compile()
  File "/home/brian/netproject/NetProject/ns-allinone-3.29/ns-3.29/.waf3-2.0.9-897e824215d3dab2b64982d8af27db90/waflib/Build.py", line 176, in compile
    raise Errors.BuildError(self.producer.error)
waflib.Errors.BuildError: Build failed
 -> task in 'testprog' failed with exit status 1 (run with -v to display more information)

Could not build a python embedded interpreter
from /home/brian/netproject/NetProject/ns-allinone-3.29/ns-3.29/bindings/python: The configuration failed
------------------------------------------------------------------
Testing pyembed configuration
==>

#include <Python.h>
#ifdef __cplusplus
extern "C" {
#endif
	void Py_Initialize(void);
	void Py_Finalize(void);
#ifdef __cplusplus
}
#endif
int main(int argc, char **argv)
{
   (void)argc; (void)argv;
   Py_Initialize();
   Py_Finalize();
   return 0;
}

<==
[1/2] Compiling [32mbuild/.conf_check_cf8953dc036d669e6f67b8fb22e0e036/test.cpp[0m

['/usr/bin/g++', '-O0', '-ggdb', '-g3', '-Wall', '-Werror', '-std=c++11', '-g', '-fdebug-prefix-map=/build/python3.8-4OrTnN/python3.8-3.8.10=.', '-fstack-protector', '-g', '-fwrapv', '-O3', '-I/usr/include/python3.8', '-DNS3_BUILD_PROFILE_DEBUG', '-DNS3_ASSERT_ENABLE', '-DNS3_LOG_ENABLE', '-DPYTHONDIR="/usr/local/lib/python3/dist-packages"', '-DPYTHONARCHDIR="/usr/local/lib/python3/dist-packages"', '-DNDEBUG', '../test.cpp', '-c', '-o/home/brian/netproject/NetProject/ns-allinone-3.29/ns-3.29/build/.conf_check_cf8953dc036d669e6f67b8fb22e0e036/testbuild/test.cpp.1.o']
[2/2] Linking [33mbuild/.conf_check_cf8953dc036d669e6f67b8fb22e0e036/testbuild/testprog[0m

['/usr/bin/g++', 'test.cpp.1.o', '-o/home/brian/netproject/NetProject/ns-allinone-3.29/ns-3.29/build/.conf_check_cf8953dc036d669e6f67b8fb22e0e036/testbuild/testprog', '-Wl,-Bstatic', '-Wl,-Bdynamic', '-L/usr/lib/python3.8/config-3.8-x86_64-linux-gnu', '-L/usr/lib', '-lcrypt', '-lpthread', '-ldl', '-lutil', '-lm', '-lm', '-lcrypt', '-lpthread', '-ldl', '-lutil', '-lm', '-lm']
err: /usr/bin/ld: test.cpp.1.o: in function `main':
/home/brian/netproject/NetProject/ns-allinone-3.29/ns-3.29/build/.conf_check_cf8953dc036d669e6f67b8fb22e0e036/testbuild/../test.cpp:14: undefined reference to `Py_Initialize'
/usr/bin/ld: /home/brian/netproject/NetProject/ns-allinone-3.29/ns-3.29/build/.conf_check_cf8953dc036d669e6f67b8fb22e0e036/testbuild/../test.cpp:15: undefined reference to `Py_Finalize'
collect2: error: ld returned 1 exit status

from /home/brian/netproject/NetProject/ns-allinone-3.29/ns-3.29/bindings/python: Test does not build: Traceback (most recent call last):
  File "/home/brian/netproject/NetProject/ns-allinone-3.29/ns-3.29/.waf3-2.0.9-897e824215d3dab2b64982d8af27db90/waflib/Configure.py", line 324, in run_build
    bld.compile()
  File "/home/brian/netproject/NetProject/ns-allinone-3.29/ns-3.29/.waf3-2.0.9-897e824215d3dab2b64982d8af27db90/waflib/Build.py", line 176, in compile
    raise Errors.BuildError(self.producer.error)
waflib.Errors.BuildError: Build failed
 -> task in 'testprog' failed with exit status 1 (run with -v to display more information)

During handling of the above exception, another exception occurred:

Traceback (most recent call last):
  File "/home/brian/netproject/NetProject/ns-allinone-3.29/ns-3.29/.waf3-2.0.9-897e824215d3dab2b64982d8af27db90/waflib/Tools/c_config.py", line 387, in check
    ret=self.run_build(*k,**kw)
  File "/home/brian/netproject/NetProject/ns-allinone-3.29/ns-3.29/.waf3-2.0.9-897e824215d3dab2b64982d8af27db90/waflib/Configure.py", line 174, in fun
    return f(*k,**kw)
  File "/home/brian/netproject/NetProject/ns-allinone-3.29/ns-3.29/.waf3-2.0.9-897e824215d3dab2b64982d8af27db90/waflib/Configure.py", line 327, in run_build
    self.fatal(ret)
  File "/home/brian/netproject/NetProject/ns-allinone-3.29/ns-3.29/.waf3-2.0.9-897e824215d3dab2b64982d8af27db90/waflib/Context.py", line 254, in fatal
    raise self.errors.ConfigurationError(msg,ex=ex)
waflib.Errors.ConfigurationError: Test does not build: Traceback (most recent call last):
  File "/home/brian/netproject/NetProject/ns-allinone-3.29/ns-3.29/.waf3-2.0.9-897e824215d3dab2b64982d8af27db90/waflib/Configure.py", line 324, in run_build
    bld.compile()
  File "/home/brian/netproject/NetProject/ns-allinone-3.29/ns-3.29/.waf3-2.0.9-897e824215d3dab2b64982d8af27db90/waflib/Build.py", line 176, in compile
    raise Errors.BuildError(self.producer.error)
waflib.Errors.BuildError: Build failed
 -> task in 'testprog' failed with exit status 1 (run with -v to display more information)

(complete log in /home/brian/netproject/NetProject/ns-allinone-3.29/ns-3.29/build/config.log)

During handling of the above exception, another exception occurred:

Traceback (most recent call last):
  File "/home/brian/netproject/NetProject/ns-allinone-3.29/ns-3.29/.waf3-2.0.9-897e824215d3dab2b64982d8af27db90/waflib/Tools/python.py", line 222, in check_python_headers
    conf.test_pyembed(xx)
  File "/home/brian/netproject/NetProject/ns-allinone-3.29/ns-3.29/.waf3-2.0.9-897e824215d3dab2b64982d8af27db90/waflib/Configure.py", line 174, in fun
    return f(*k,**kw)
  File "/home/brian/netproject/NetProject/ns-allinone-3.29/ns-3.29/.waf3-2.0.9-897e824215d3dab2b64982d8af27db90/waflib/Tools/python.py", line 155, in test_pyembed
    self.check(header_name='Python.h',define_name='HAVE_PYEMBED',msg=msg,fragment=FRAG,errmsg='Could not build a python embedded interpreter',features='%s %sprogram pyembed'%(mode,mode))
  File "/home/brian/netproject/NetProject/ns-allinone-3.29/ns-3.29/.waf3-2.0.9-897e824215d3dab2b64982d8af27db90/waflib/Configure.py", line 174, in fun
    return f(*k,**kw)
  File "/home/brian/netproject/NetProject/ns-allinone-3.29/ns-3.29/.waf3-2.0.9-897e824215d3dab2b64982d8af27db90/waflib/Tools/c_config.py", line 393, in check
    self.fatal('The configuration failed')
  File "/home/brian/netproject/NetProject/ns-allinone-3.29/ns-3.29/.waf3-2.0.9-897e824215d3dab2b64982d8af27db90/waflib/Context.py", line 254, in fatal
    raise self.errors.ConfigurationError(msg,ex=ex)
waflib.Errors.ConfigurationError: The configuration failed
(complete log in /home/brian/netproject/NetProject/ns-allinone-3.29/ns-3.29/build/config.log)

During handling of the above exception, another exception occurred:

Traceback (most recent call last):
  File "/home/brian/netproject/NetProject/ns-allinone-3.29/ns-3.29/.waf3-2.0.9-897e824215d3dab2b64982d8af27db90/waflib/Configure.py", line 324, in run_build
    bld.compile()
  File "/home/brian/netproject/NetProject/ns-allinone-3.29/ns-3.29/.waf3-2.0.9-897e824215d3dab2b64982d8af27db90/waflib/Build.py", line 176, in compile
    raise Errors.BuildError(self.producer.error)
waflib.Errors.BuildError: Build failed
 -> task in 'testprog' failed with exit status 1 (run with -v to display more information)

Could not build a python embedded interpreter
from /home/brian/netproject/NetProject/ns-allinone-3.29/ns-3.29/bindings/python: The configuration failed
------------------------------------------------------------------
Checking boost includes
headers not found, please provide a --boost-includes argument (see help)
from /home/brian/netproject/NetProject/ns-allinone-3.29/ns-3.29/src: The configuration failed
------------------------------------------------------------------
Checking boost includes
headers not found, please provide a --boost-includes argument (see help)
from /home/brian/netproject/NetProject/ns-allinone-3.29/ns-3.29/src: The configuration failed
------------------------------------------------------------------
Checking for click location
not found
------------------------------------------------------------------
Checking for program 'pkg-config'
not found
find program=['pkg-config'] paths=['/home/brian/bin', '/usr/local/bin', '/usr/local/sbin', '/usr/local/bin', '/usr/sbin', '/usr/bin', '/sbin', '/bin', '/usr/games', '/usr/local/games', '/usr/lib/wsl/lib', '/mnt/c/Program Files (x86)/Intel/Intel(R) Management Engine Components/iCLS/', '/mnt/c/Program Files/Intel/Intel(R) Management Engine Components/iCLS/', '/mnt/c/Program Files (x86)/Common Files/Oracle/Java/javapath', '/mnt/c/ProgramData/Oracle/Java/javapath', '/mnt/c/windows/system32', '/mnt/c/windows', '/mnt/c/windows/System32/Wbem', '/mnt/c/windows/System32/WindowsPowerShell/v1.0/', '/mnt/c/Program Files (x86)/NVIDIA Corporation/PhysX/Common', '/mnt/c/WINDOWS/system32', '/mnt/c/WINDOWS', '/mnt/c/WINDOWS/System32/Wbem', '/mnt/c/WINDOWS/System32/WindowsPowerShell/v1.0/', '/mnt/c/WINDOWS/System32/OpenSSH/', '/mnt/c/Program Files/Intel/WiFi/bin/', '/mnt/c/Program Files/Common Files/Intel/WirelessCommon/', '/mnt/c/Program Files (x86)/Intel/Intel(R) Management Engine Components/DAL', '/mnt/c/Program Files/Intel/Intel(R) Management Engine Components/DAL', '/mnt/c/Program Files/Java/jdk-11.0.6/bin', '/mnt/c/Program Files/Git/cmd', '/mnt/c/ProgramData/chocolatey/bin', '/mnt/c/Program Files/Microsoft VS Code/bin', '/mnt/c/MinGW/bin', '/mnt/c/Users/user/AppData/Local/Microsoft/WindowsApps', '/mnt/c/src/flutter/bin', '/mnt/c/Users/user/AppData/Local/atom/bin', '/mnt/c/Users/user/AppData/Local/Microsoft/WindowsApps', '/mnt/c/Program Files/JetBrains/PyCharm 2021.3.3/bin', '/mnt/c/MinGW/bin'] var='PKGCONFIG' -> None
from /home/brian/netproject/NetProject/ns-allinone-3.29/ns-3.29/src/config-store: Could not find the program ['pkg-config']
------------------------------------------------------------------
Checking for program 'pkg-config'
not found
find program=['pkg-config'] paths=['/home/brian/bin', '/usr/local/bin', '/usr/local/sbin', '/usr/local/bin', '/usr/sbin', '/usr/bin', '/sbin', '/bin', '/usr/games', '/usr/local/games', '/usr/lib/wsl/lib', '/mnt/c/Program Files (x86)/Intel/Intel(R) Management Engine Components/iCLS/', '/mnt/c/Program Files/Intel/Intel(R) Management Engine Components/iCLS/', '/mnt/c/Program Files (x86)/Common Files/Oracle/Java/javapath', '/mnt/c/ProgramData/Oracle/Java/javapath', '/mnt/c/windows/system32', '/mnt/c/windows', '/mnt/c/windows/System32/Wbem', '/mnt/c/windows/System32/WindowsPowerShell/v1.0/', '/mnt/c/Program Files (x86)/NVIDIA Corporation/PhysX/Common', '/mnt/c/WINDOWS/system32', '/mnt/c/WINDOWS', '/mnt/c/WINDOWS/System32/Wbem', '/mnt/c/WINDOWS/System32/WindowsPowerShell/v1.0/', '/mnt/c/WINDOWS/System32/OpenSSH/', '/mnt/c/Program Files/Intel/WiFi/bin/', '/mnt/c/Program Files/Common Files/Intel/WirelessCommon/', '/mnt/c/Program Files (x86)/Intel/Intel(R) Management Engine Components/DAL', '/mnt/c/Program Files/Intel/Intel(R) Management Engine Components/DAL', '/mnt/c/Program Files/Java/jdk-11.0.6/bin', '/mnt/c/Program Files/Git/cmd', '/mnt/c/ProgramData/chocolatey/bin', '/mnt/c/Program Files/Microsoft VS Code/bin', '/mnt/c/MinGW/bin', '/mnt/c/Users/user/AppData/Local/Microsoft/WindowsApps', '/mnt/c/src/flutter/bin', '/mnt/c/Users/user/AppData/Local/atom/bin', '/mnt/c/Users/user/AppData/Local/Microsoft/WindowsApps', '/mnt/c/Program Files/JetBrains/PyCharm 2021.3.3/bin', '/mnt/c/MinGW/bin'] var='PKGCONFIG' -> None
from /home/brian/netproject/NetProject/ns-allinone-3.29/ns-3.29/src/config-store: Could not find the program ['pkg-config']
------------------------------------------------------------------
checking for uint128_t
==>

        #include <stdint.h>
        
        int main(int argc, char **argv) {
	(void)argc; (void)argv;
	if ((uint128_t *) 0) return 0;
	if (sizeof (uint128_t)) return 0;
	return 1;
        }
        
<==
[1/2] Compiling [32mbuild/.conf_check_c91136230552c761c1ee43dccb255d58/test.cpp[0m

['/usr/bin/g++', '-O0', '-ggdb', '-g3', '-Wall', '-Werror', '-std=c++11', '-DNS3_BUILD_PROFILE_DEBUG', '-DNS3_ASSERT_ENABLE', '-DNS3_LOG_ENABLE', '../test.cpp', '-c', '-o/home/brian/netproject/NetProject/ns-allinone-3.29/ns-3.29/build/.conf_check_c91136230552c761c1ee43dccb255d58/testbuild/test.cpp.1.o']
err: ../test.cpp: In function ‘int main(int, char**)’:
../test.cpp:6:7: error: ‘uint128_t’ was not declared in this scope; did you mean ‘uint32_t’?
    6 |  if ((uint128_t *) 0) return 0;
      |       ^~~~~~~~~
      |       uint32_t
../test.cpp:6:18: error: expected primary-expression before ‘)’ token
    6 |  if ((uint128_t *) 0) return 0;
      |                  ^
../test.cpp:6:19: error: expected ‘)’ before numeric constant
    6 |  if ((uint128_t *) 0) return 0;
      |     ~             ^~
      |                   )
../test.cpp:7:14: error: ‘uint128_t’ was not declared in this scope; did you mean ‘uint32_t’?
    7 |  if (sizeof (uint128_t)) return 0;
      |              ^~~~~~~~~
      |              uint32_t

from /home/brian/netproject/NetProject/ns-allinone-3.29/ns-3.29/src/core: Test does not build: Traceback (most recent call last):
  File "/home/brian/netproject/NetProject/ns-allinone-3.29/ns-3.29/.waf3-2.0.9-897e824215d3dab2b64982d8af27db90/waflib/Configure.py", line 324, in run_build
    bld.compile()
  File "/home/brian/netproject/NetProject/ns-allinone-3.29/ns-3.29/.waf3-2.0.9-897e824215d3dab2b64982d8af27db90/waflib/Build.py", line 176, in compile
    raise Errors.BuildError(self.producer.error)
waflib.Errors.BuildError: Build failed
 -> task in 'testprog' failed with exit status 1 (run with -v to display more information)

not found
from /home/brian/netproject/NetProject/ns-allinone-3.29/ns-3.29/src/core: The configuration failed
------------------------------------------------------------------
checking for __uint128_t
==>

        #include <stdint.h>
        
        int main(int argc, char **argv) {
	(void)argc; (void)argv;
	if ((__uint128_t *) 0) return 0;
	if (sizeof (__uint128_t)) return 0;
	return 1;
        }
        
<==
[1/2] Compiling [32mbuild/.conf_check_aa4b7731c6507f2e74b4e27780c804ab/test.cpp[0m

['/usr/bin/g++', '-O0', '-ggdb', '-g3', '-Wall', '-Werror', '-std=c++11', '-DNS3_BUILD_PROFILE_DEBUG', '-DNS3_ASSERT_ENABLE', '-DNS3_LOG_ENABLE', '../test.cpp', '-c', '-o/home/brian/netproject/NetProject/ns-allinone-3.29/ns-3.29/build/.conf_check_aa4b7731c6507f2e74b4e27780c804ab/testbuild/test.cpp.1.o']
[2/2] Linking [33mbuild/.conf_check_aa4b7731c6507f2e74b4e27780c804ab/testbuild/testprog[0m

['/usr/bin/g++', 'test.cpp.1.o', '-o/home/brian/netproject/NetProject/ns-allinone-3.29/ns-3.29/build/.conf_check_aa4b7731c6507f2e74b4e27780c804ab/testbuild/testprog', '-Wl,-Bstatic', '-Wl,-Bdynamic']
yes
------------------------------------------------------------------
Checking high precision implementation
128-bit integer (default)
------------------------------------------------------------------
Checking for header stdint.h
==>
#include <stdint.h>

int main(int argc, char **argv) {
	(void)argc; (void)argv;
	return 0;
}

<==
[1/2] Compiling [32mbuild/.conf_check_f7266afe39ce4079d21245e9e915c9d3/test.cpp[0m

['/usr/bin/g++', '-O0', '-ggdb', '-g3', '-Wall', '-Werror', '-std=c++11', '-DNS3_BUILD_PROFILE_DEBUG', '-DNS3_ASSERT_ENABLE', '-DNS3_LOG_ENABLE', '-DHAVE___UINT128_T=1', '-DINT64X64_USE_128=1', '../test.cpp', '-c', '-o/home/brian/netproject/NetProject/ns-allinone-3.29/ns-3.29/build/.conf_check_f7266afe39ce4079d21245e9e915c9d3/testbuild/test.cpp.1.o']
[2/2] Linking [33mbuild/.conf_check_f7266afe39ce4079d21245e9e915c9d3/testbuild/testprog[0m

['/usr/bin/g++', 'test.cpp.1.o', '-o/home/brian/netproject/NetProject/ns-allinone-3.29/ns-3.29/build/.conf_check_f7266afe39ce4079d21245e9e915c9d3/testbuild/testprog', '-Wl,-Bstatic', '-Wl,-Bdynamic']
yes
------------------------------------------------------------------
Checking for header inttypes.h
==>
#include <inttypes.h>

int main(int argc, char **argv) {
	(void)argc; (void)argv;
	return 0;
}

<==
[1/2] Compiling [32mbuild/.conf_check_5d47cf00d85d4b69060f774a8df47f05/test.cpp[0m

['/usr/bin/g++', '-O0', '-ggdb', '-g3', '-Wall', '-Werror', '-std=c++11', '-DNS3_BUILD_PROFILE_DEBUG', '-DNS3_ASSERT_ENABLE', '-DNS3_LOG_ENABLE', '-DHAVE___UINT128_T=1', '-DINT64X64_USE_128=1', '-DHAVE_STDINT_H=1', '../test.cpp', '-c', '-o/home/brian/netproject/NetProject/ns-allinone-3.29/ns-3.29/build/.conf_check_5d47cf00d85d4b69060f774a8df47f05/testbuild/test.cpp.1.o']
[2/2] Linking [33mbuild/.conf_check_5d47cf00d85d4b69060f774a8df47f05/testbuild/testprog[0m

['/usr/bin/g++', 'test.cpp.1.o', '-o/home/brian/netproject/NetProject/ns-allinone-3.29/ns-3.29/build/.conf_check_5d47cf00d85d4b69060f774a8df47f05/testbuild/testprog', '-Wl,-Bstatic', '-Wl,-Bdynamic']
yes
------------------------------------------------------------------
Checking for header sys/inttypes.h
==>
#include <sys/inttypes.h>

int main(int argc, char **argv) {
	(void)argc; (void)argv;
	return 0;
}

<==
[1/2] Compiling [32mbuild/.conf_check_e285e8cd6376957713dc4fbbb5b4b18c/test.cpp[0m

['/usr/bin/g++', '-O0', '-ggdb', '-g3', '-Wall', '-Werror', '-std=c++11', '-DNS3_BUILD_PROFILE_DEBUG', '-DNS3_ASSERT_ENABLE', '-DNS3_LOG_ENABLE', '-DHAVE___UINT128_T=1', '-DINT64X64_USE_128=1', '-DHAVE_STDINT_H=1', '-DHAVE_INTTYPES_H=1', '../test.cpp', '-c', '-o/home/brian/netproject/NetProject/ns-allinone-3.29/ns-3.29/build/.conf_check_e285e8cd6376957713dc4fbbb5b4b18c/testbuild/test.cpp.1.o']
err: ../test.cpp:1:10: fatal error: sys/inttypes.h: No such file or directory
    1 | #include <sys/inttypes.h>
      |          ^~~~~~~~~~~~~~~~
compilation terminated.

from /home/brian/netproject/NetProject/ns-allinone-3.29/ns-3.29/src/core: Test does not build: Traceback (most recent call last):
  File "/home/brian/netproject/NetProject/ns-allinone-3.29/ns-3.29/.waf3-2.0.9-897e824215d3dab2b64982d8af27db90/waflib/Configure.py", line 324, in run_build
    bld.compile()
  File "/home/brian/netproject/NetProject/ns-allinone-3.29/ns-3.29/.waf3-2.0.9-897e824215d3dab2b64982d8af27db90/waflib/Build.py", line 176, in compile
    raise Errors.BuildError(self.producer.error)
waflib.Errors.BuildError: Build failed
 -> task in 'testprog' failed with exit status 1 (run with -v to display more information)

not found
from /home/brian/netproject/NetProject/ns-allinone-3.29/ns-3.29/src/core: The configuration failed
------------------------------------------------------------------
Checking for header sys/types.h
==>
#include <sys/types.h>

int main(int argc, char **argv) {
	(void)argc; (void)argv;
	return 0;
}

<==
[1/2] Compiling [32mbuild/.conf_check_b18da495b8b1b3cdbafd47e2547d78cf/test.cpp[0m

['/usr/bin/g++', '-O0', '-ggdb', '-g3', '-Wall', '-Werror', '-std=c++11', '-DNS3_BUILD_PROFILE_DEBUG', '-DNS3_ASSERT_ENABLE', '-DNS3_LOG_ENABLE', '-DHAVE___UINT128_T=1', '-DINT64X64_USE_128=1', '-DHAVE_STDINT_H=1', '-DHAVE_INTTYPES_H=1', '../test.cpp', '-c', '-o/home/brian/netproject/NetProject/ns-allinone-3.29/ns-3.29/build/.conf_check_b18da495b8b1b3cdbafd47e2547d78cf/testbuild/test.cpp.1.o']
[2/2] Linking [33mbuild/.conf_check_b18da495b8b1b3cdbafd47e2547d78cf/testbuild/testprog[0m

['/usr/bin/g++', 'test.cpp.1.o', '-o/home/brian/netproject/NetProject/ns-allinone-3.29/ns-3.29/build/.conf_check_b18da495b8b1b3cdbafd47e2547d78cf/testbuild/testprog', '-Wl,-Bstatic', '-Wl,-Bdynamic']
yes
------------------------------------------------------------------
Checking for header sys/stat.h
==>
#include <sys/stat.h>

int main(int argc, char **argv) {
	(void)argc; (void)argv;
	return 0;
}

<==
[1/2] Compiling [32mbuild/.conf_check_95da13bf6629fd6c03c4c20ef3f58059/test.cpp[0m

['/usr/bin/g++', '-O0', '-ggdb', '-g3', '-Wall', '-Werror', '-std=c++11', '-DNS3_BUILD_PROFILE_DEBUG', '-DNS3_ASSERT_ENABLE', '-DNS3_LOG_ENABLE', '-DHAVE___UINT128_T=1', '-DINT64X64_USE_128=1', '-DHAVE_STDINT_H=1', '-DHAVE_INTTYPES_H=1', '-DHAVE_SYS_TYPES_H=1', '../test.cpp', '-c', '-o/home/brian/netproject/NetProject/ns-allinone-3.29/ns-3.29/build/.conf_check_95da13bf6629fd6c03c4c20ef3f58059/testbuild/test.cpp.1.o']
[2/2] Linking [33mbuild/.conf_check_95da13bf6629fd6c03c4c20ef3f58059/testbuild/testprog[0m

['/usr/bin/g++', 'test.cpp.1.o', '-o/home/brian/netproject/NetProject/ns-allinone-3.29/ns-3.29/build/.conf_check_95da13bf6629fd6c03c4c20ef3f58059/testbuild/testprog', '-Wl,-Bstatic', '-Wl,-Bdynamic']
yes
------------------------------------------------------------------
Checking for header dirent.h
==>
#include <dirent.h>

int main(int argc, char **argv) {
	(void)argc; (void)argv;
	return 0;
}

<==
[1/2] Compiling [32mbuild/.conf_check_aa0b26e4eaa970df3e483f8d15fb0688/test.cpp[0m

['/usr/bin/g++', '-O0', '-ggdb', '-g3', '-Wall', '-Werror', '-std=c++11', '-DNS3_BUILD_PROFILE_DEBUG', '-DNS3_ASSERT_ENABLE', '-DNS3_LOG_ENABLE', '-DHAVE___UINT128_T=1', '-DINT64X64_USE_128=1', '-DHAVE_STDINT_H=1', '-DHAVE_INTTYPES_H=1', '-DHAVE_SYS_TYPES_H=1', '-DHAVE_SYS_STAT_H=1', '../test.cpp', '-c', '-o/home/brian/netproject/NetProject/ns-allinone-3.29/ns-3.29/build/.conf_check_aa0b26e4eaa970df3e483f8d15fb0688/testbuild/test.cpp.1.o']
[2/2] Linking [33mbuild/.conf_check_aa0b26e4eaa970df3e483f8d15fb0688/testbuild/testprog[0m

['/usr/bin/g++', 'test.cpp.1.o', '-o/home/brian/netproject/NetProject/ns-allinone-3.29/ns-3.29/build/.conf_check_aa0b26e4eaa970df3e483f8d15fb0688/testbuild/testprog', '-Wl,-Bstatic', '-Wl,-Bdynamic']
yes
------------------------------------------------------------------
Checking for header stdlib.h
==>
#include <stdlib.h>

int main(int argc, char **argv) {
	(void)argc; (void)argv;
	return 0;
}

<==
[1/2] Compiling [32mbuild/.conf_check_f7dd9f6ab0207c8c90e8b26929c2011a/test.cpp[0m

['/usr/bin/g++', '-O0', '-ggdb', '-g3', '-Wall', '-Werror', '-std=c++11', '-DNS3_BUILD_PROFILE_DEBUG', '-DNS3_ASSERT_ENABLE', '-DNS3_LOG_ENABLE', '-DHAVE___UINT128_T=1', '-DINT64X64_USE_128=1', '-DHAVE_STDINT_H=1', '-DHAVE_INTTYPES_H=1', '-DHAVE_SYS_TYPES_H=1', '-DHAVE_SYS_STAT_H=1', '-DHAVE_DIRENT_H=1', '../test.cpp', '-c', '-o/home/brian/netproject/NetProject/ns-allinone-3.29/ns-3.29/build/.conf_check_f7dd9f6ab0207c8c90e8b26929c2011a/testbuild/test.cpp.1.o']
[2/2] Linking [33mbuild/.conf_check_f7dd9f6ab0207c8c90e8b26929c2011a/testbuild/testprog[0m

['/usr/bin/g++', 'test.cpp.1.o', '-o/home/brian/netproject/NetProject/ns-allinone-3.29/ns-3.29/build/.conf_check_f7dd9f6ab0207c8c90e8b26929c2011a/testbuild/testprog', '-Wl,-Bstatic', '-Wl,-Bdynamic']
yes
------------------------------------------------------------------
Checking for header signal.h
==>
#include <signal.h>

int main(int argc, char **argv) {
	(void)argc; (void)argv;
	return 0;
}

<==
[1/2] Compiling [32mbuild/.conf_check_80117929024b303c99d7e91ce2e96839/test.cpp[0m

['/usr/bin/g++', '-O0', '-ggdb', '-g3', '-Wall', '-Werror', '-std=c++11', '-DNS3_BUILD_PROFILE_DEBUG', '-DNS3_ASSERT_ENABLE', '-DNS3_LOG_ENABLE', '-DHAVE___UINT128_T=1', '-DINT64X64_USE_128=1', '-DHAVE_STDINT_H=1', '-DHAVE_INTTYPES_H=1', '-DHAVE_SYS_TYPES_H=1', '-DHAVE_SYS_STAT_H=1', '-DHAVE_DIRENT_H=1', '-DHAVE_STDLIB_H=1', '-DHAVE_GETENV=1', '../test.cpp', '-c', '-o/home/brian/netproject/NetProject/ns-allinone-3.29/ns-3.29/build/.conf_check_80117929024b303c99d7e91ce2e96839/testbuild/test.cpp.1.o']
[2/2] Linking [33mbuild/.conf_check_80117929024b303c99d7e91ce2e96839/testbuild/testprog[0m

['/usr/bin/g++', 'test.cpp.1.o', '-o/home/brian/netproject/NetProject/ns-allinone-3.29/ns-3.29/build/.conf_check_80117929024b303c99d7e91ce2e96839/testbuild/testprog', '-Wl,-Bstatic', '-Wl,-Bdynamic']
yes
------------------------------------------------------------------
Checking for header pthread.h
==>

#include <pthread.h>
int main ()
{
   pthread_mutex_t m;
   pthread_mutex_init (&m, NULL);
   return 0;
}

<==
[1/2] Compiling [32mbuild/.conf_check_6dfe71a0836be2c59bc4d55e80da26cb/test.cpp[0m

['/usr/bin/g++', '-O0', '-ggdb', '-g3', '-Wall', '-Werror', '-std=c++11', '-pthread', '-DNS3_BUILD_PROFILE_DEBUG', '-DNS3_ASSERT_ENABLE', '-DNS3_LOG_ENABLE', '-DHAVE___UINT128_T=1', '-DINT64X64_USE_128=1', '-DHAVE_STDINT_H=1', '-DHAVE_INTTYPES_H=1', '-DHAVE_SYS_TYPES_H=1', '-DHAVE_SYS_STAT_H=1', '-DHAVE_DIRENT_H=1', '-DHAVE_STDLIB_H=1', '-DHAVE_GETENV=1', '-DHAVE_SIGNAL_H=1', '../test.cpp', '-c', '-o/home/brian/netproject/NetProject/ns-allinone-3.29/ns-3.29/build/.conf_check_6dfe71a0836be2c59bc4d55e80da26cb/testbuild/test.cpp.1.o']
[2/2] Linking [33mbuild/.conf_check_6dfe71a0836be2c59bc4d55e80da26cb/testbuild/testprog[0m

['/usr/bin/g++', '-pthread', 'test.cpp.1.o', '-o/home/brian/netproject/NetProject/ns-allinone-3.29/ns-3.29/build/.conf_check_6dfe71a0836be2c59bc4d55e80da26cb/testbuild/testprog', '-Wl,-Bstatic', '-Wl,-Bdynamic']
yes
------------------------------------------------------------------
Checking for header stdint.h
==>
#include <stdint.h>

int main(int argc, char **argv) {
	(void)argc; (void)argv;
	return 0;
}

<==
[1/2] Compiling [32mbuild/.conf_check_f7266afe39ce4079d21245e9e915c9d3/test.cpp[0m

['/usr/bin/g++', '-O0', '-ggdb', '-g3', '-Wall', '-Werror', '-std=c++11', '-DNS3_BUILD_PROFILE_DEBUG', '-DNS3_ASSERT_ENABLE', '-DNS3_LOG_ENABLE', '-DHAVE___UINT128_T=1', '-DINT64X64_USE_128=1', '-DHAVE_INTTYPES_H=1', '-DHAVE_SYS_TYPES_H=1', '-DHAVE_SYS_STAT_H=1', '-DHAVE_DIRENT_H=1', '-DHAVE_STDLIB_H=1', '-DHAVE_GETENV=1', '-DHAVE_SIGNAL_H=1', '-DHAVE_PTHREAD_H=1', '../test.cpp', '-c', '-o/home/brian/netproject/NetProject/ns-allinone-3.29/ns-3.29/build/.conf_check_f7266afe39ce4079d21245e9e915c9d3/testbuild/test.cpp.1.o']
[2/2] Linking [33mbuild/.conf_check_f7266afe39ce4079d21245e9e915c9d3/testbuild/testprog[0m

['/usr/bin/g++', 'test.cpp.1.o', '-o/home/brian/netproject/NetProject/ns-allinone-3.29/ns-3.29/build/.conf_check_f7266afe39ce4079d21245e9e915c9d3/testbuild/testprog', '-Wl,-Bstatic', '-Wl,-Bdynamic']
yes
------------------------------------------------------------------
Checking for header inttypes.h
==>
#include <inttypes.h>

int main(int argc, char **argv) {
	(void)argc; (void)argv;
	return 0;
}

<==
[1/2] Compiling [32mbuild/.conf_check_5d47cf00d85d4b69060f774a8df47f05/test.cpp[0m

['/usr/bin/g++', '-O0', '-ggdb', '-g3', '-Wall', '-Werror', '-std=c++11', '-DNS3_BUILD_PROFILE_DEBUG', '-DNS3_ASSERT_ENABLE', '-DNS3_LOG_ENABLE', '-DHAVE___UINT128_T=1', '-DINT64X64_USE_128=1', '-DHAVE_SYS_TYPES_H=1', '-DHAVE_SYS_STAT_H=1', '-DHAVE_DIRENT_H=1', '-DHAVE_STDLIB_H=1', '-DHAVE_GETENV=1', '-DHAVE_SIGNAL_H=1', '-DHAVE_PTHREAD_H=1', '-DHAVE_STDINT_H=1', '../test.cpp', '-c', '-o/home/brian/netproject/NetProject/ns-allinone-3.29/ns-3.29/build/.conf_check_5d47cf00d85d4b69060f774a8df47f05/testbuild/test.cpp.1.o']
[2/2] Linking [33mbuild/.conf_check_5d47cf00d85d4b69060f774a8df47f05/testbuild/testprog[0m

['/usr/bin/g++', 'test.cpp.1.o', '-o/home/brian/netproject/NetProject/ns-allinone-3.29/ns-3.29/build/.conf_check_5d47cf00d85d4b69060f774a8df47f05/testbuild/testprog', '-Wl,-Bstatic', '-Wl,-Bdynamic']
yes
------------------------------------------------------------------
Checking for header sys/inttypes.h
==>
#include <sys/inttypes.h>

int main(int argc, char **argv) {
	(void)argc; (void)argv;
	return 0;
}

<==
[1/2] Compiling [32mbuild/.conf_check_e285e8cd6376957713dc4fbbb5b4b18c/test.cpp[0m

['/usr/bin/g++', '-O0', '-ggdb', '-g3', '-Wall', '-Werror', '-std=c++11', '-DNS3_BUILD_PROFILE_DEBUG', '-DNS3_ASSERT_ENABLE', '-DNS3_LOG_ENABLE', '-DHAVE___UINT128_T=1', '-DINT64X64_USE_128=1', '-DHAVE_SYS_TYPES_H=1', '-DHAVE_SYS_STAT_H=1', '-DHAVE_DIRENT_H=1', '-DHAVE_STDLIB_H=1', '-DHAVE_GETENV=1', '-DHAVE_SIGNAL_H=1', '-DHAVE_PTHREAD_H=1', '-DHAVE_STDINT_H=1', '-DHAVE_INTTYPES_H=1', '../test.cpp', '-c', '-o/home/brian/netproject/NetProject/ns-allinone-3.29/ns-3.29/build/.conf_check_e285e8cd6376957713dc4fbbb5b4b18c/testbuild/test.cpp.1.o']
err: ../test.cpp:1:10: fatal error: sys/inttypes.h: No such file or directory
    1 | #include <sys/inttypes.h>
      |          ^~~~~~~~~~~~~~~~
compilation terminated.

from /home/brian/netproject/NetProject/ns-allinone-3.29/ns-3.29/src/core: Test does not build: Traceback (most recent call last):
  File "/home/brian/netproject/NetProject/ns-allinone-3.29/ns-3.29/.waf3-2.0.9-897e824215d3dab2b64982d8af27db90/waflib/Configure.py", line 324, in run_build
    bld.compile()
  File "/home/brian/netproject/NetProject/ns-allinone-3.29/ns-3.29/.waf3-2.0.9-897e824215d3dab2b64982d8af27db90/waflib/Build.py", line 176, in compile
    raise Errors.BuildError(self.producer.error)
waflib.Errors.BuildError: Build failed
 -> task in 'testprog' failed with exit status 1 (run with -v to display more information)

not found
from /home/brian/netproject/NetProject/ns-allinone-3.29/ns-3.29/src/core: The configuration failed
------------------------------------------------------------------
Checking for library rt
==>

int main(int argc, char **argv) {
	(void)argc; (void)argv;
	return 0;
}

<==
[1/2] Compiling [32mbuild/.conf_check_dc7f7dd3547e6d074b40e9ff43a6aeb0/test.cpp[0m

['/usr/bin/g++', '-O0', '-ggdb', '-g3', '-Wall', '-Werror', '-std=c++11', '-pthread', '-DNS3_BUILD_PROFILE_DEBUG', '-DNS3_ASSERT_ENABLE', '-DNS3_LOG_ENABLE', '-DHAVE___UINT128_T=1', '-DINT64X64_USE_128=1', '-DHAVE_SYS_TYPES_H=1', '-DHAVE_SYS_STAT_H=1', '-DHAVE_DIRENT_H=1', '-DHAVE_STDLIB_H=1', '-DHAVE_GETENV=1', '-DHAVE_SIGNAL_H=1', '-DHAVE_PTHREAD_H=1', '-DHAVE_STDINT_H=1', '-DHAVE_INTTYPES_H=1', '../test.cpp', '-c', '-o/home/brian/netproject/NetProject/ns-allinone-3.29/ns-3.29/build/.conf_check_dc7f7dd3547e6d074b40e9ff43a6aeb0/testbuild/test.cpp.1.o']
[2/2] Linking [33mbuild/.conf_check_dc7f7dd3547e6d074b40e9ff43a6aeb0/testbuild/testprog[0m

['/usr/bin/g++', '-pthread', 'test.cpp.1.o', '-o/home/brian/netproject/NetProject/ns-allinone-3.29/ns-3.29/build/.conf_check_dc7f7dd3547e6d074b40e9ff43a6aeb0/testbuild/testprog', '-Wl,-Bstatic', '-Wl,-Bdynamic', '-lrt']
yes
------------------------------------------------------------------
Checking for header sys/ioctl.h
==>
#include <sys/ioctl.h>

int main(int argc, char **argv) {
	(void)argc; (void)argv;
	return 0;
}

<==
[1/2] Compiling [32mbuild/.conf_check_8cf292e194440edfa1c70e342c3efa0b/test.cpp[0m

['/usr/bin/g++', '-O0', '-ggdb', '-g3', '-Wall', '-Werror', '-std=c++11', '-DNS3_BUILD_PROFILE_DEBUG', '-DNS3_ASSERT_ENABLE', '-DNS3_LOG_ENABLE', '../test.cpp', '-c', '-o/home/brian/netproject/NetProject/ns-allinone-3.29/ns-3.29/build/.conf_check_8cf292e194440edfa1c70e342c3efa0b/testbuild/test.cpp.1.o']
[2/2] Linking [33mbuild/.conf_check_8cf292e194440edfa1c70e342c3efa0b/testbuild/testprog[0m

['/usr/bin/g++', 'test.cpp.1.o', '-o/home/brian/netproject/NetProject/ns-allinone-3.29/ns-3.29/build/.conf_check_8cf292e194440edfa1c70e342c3efa0b/testbuild/testprog', '-Wl,-Bstatic', '-Wl,-Bdynamic']
yes
------------------------------------------------------------------
Checking for header net/if.h
==>
#include <net/if.h>

int main(int argc, char **argv) {
	(void)argc; (void)argv;
	return 0;
}

<==
[1/2] Compiling [32mbuild/.conf_check_fd27359c7728b474f3fcca548eb7ba36/test.cpp[0m

['/usr/bin/g++', '-O0', '-ggdb', '-g3', '-Wall', '-Werror', '-std=c++11', '-DNS3_BUILD_PROFILE_DEBUG', '-DNS3_ASSERT_ENABLE', '-DNS3_LOG_ENABLE', '-DHAVE_SYS_IOCTL_H=1', '../test.cpp', '-c', '-o/home/brian/netproject/NetProject/ns-allinone-3.29/ns-3.29/build/.conf_check_fd27359c7728b474f3fcca548eb7ba36/testbuild/test.cpp.1.o']
[2/2] Linking [33mbuild/.conf_check_fd27359c7728b474f3fcca548eb7ba36/testbuild/testprog[0m

['/usr/bin/g++', 'test.cpp.1.o', '-o/home/brian/netproject/NetProject/ns-allinone-3.29/ns-3.29/build/.conf_check_fd27359c7728b474f3fcca548eb7ba36/testbuild/testprog', '-Wl,-Bstatic', '-Wl,-Bdynamic']
yes
------------------------------------------------------------------
Checking for header net/ethernet.h
==>
#include <net/ethernet.h>

int main(int argc, char **argv) {
	(void)argc; (void)argv;
	return 0;
}

<==
[1/2] Compiling [32mbuild/.conf_check_6a5c10df56fea207ed3b1bd9fb1ffdd1/test.cpp[0m

['/usr/bin/g++', '-O0', '-ggdb', '-g3', '-Wall', '-Werror', '-std=c++11', '-DNS3_BUILD_PROFILE_DEBUG', '-DNS3_ASSERT_ENABLE', '-DNS3_LOG_ENABLE', '-DHAVE_SYS_IOCTL_H=1', '-DHAVE_IF_NETS_H=1', '../test.cpp', '-c', '-o/home/brian/netproject/NetProject/ns-allinone-3.29/ns-3.29/build/.conf_check_6a5c10df56fea207ed3b1bd9fb1ffdd1/testbuild/test.cpp.1.o']
[2/2] Linking [33mbuild/.conf_check_6a5c10df56fea207ed3b1bd9fb1ffdd1/testbuild/testprog[0m

['/usr/bin/g++', 'test.cpp.1.o', '-o/home/brian/netproject/NetProject/ns-allinone-3.29/ns-3.29/build/.conf_check_6a5c10df56fea207ed3b1bd9fb1ffdd1/testbuild/testprog', '-Wl,-Bstatic', '-Wl,-Bdynamic']
yes
------------------------------------------------------------------
Checking for header linux/if_tun.h
==>
#include <linux/if_tun.h>

int main(int argc, char **argv) {
	(void)argc; (void)argv;
	return 0;
}

<==
[1/2] Compiling [32mbuild/.conf_check_87c6189e9b231497d1653edb499aabb4/test.cpp[0m

['/usr/bin/g++', '-O0', '-ggdb', '-g3', '-Wall', '-Werror', '-std=c++11', '-DNS3_BUILD_PROFILE_DEBUG', '-DNS3_ASSERT_ENABLE', '-DNS3_LOG_ENABLE', '-DHAVE_SYS_IOCTL_H=1', '-DHAVE_IF_NETS_H=1', '-DHAVE_NET_ETHERNET_H=1', '../test.cpp', '-c', '-o/home/brian/netproject/NetProject/ns-allinone-3.29/ns-3.29/build/.conf_check_87c6189e9b231497d1653edb499aabb4/testbuild/test.cpp.1.o']
[2/2] Linking [33mbuild/.conf_check_87c6189e9b231497d1653edb499aabb4/testbuild/testprog[0m

['/usr/bin/g++', 'test.cpp.1.o', '-o/home/brian/netproject/NetProject/ns-allinone-3.29/ns-3.29/build/.conf_check_87c6189e9b231497d1653edb499aabb4/testbuild/testprog', '-Wl,-Bstatic', '-Wl,-Bdynamic']
yes
------------------------------------------------------------------
Checking for header netpacket/packet.h
==>
#include <netpacket/packet.h>

int main(int argc, char **argv) {
	(void)argc; (void)argv;
	return 0;
}

<==
[1/2] Compiling [32mbuild/.conf_check_820e9a56968d0cf5709e253607b5da3b/test.cpp[0m

['/usr/bin/g++', '-O0', '-ggdb', '-g3', '-Wall', '-Werror', '-std=c++11', '-DNS3_BUILD_PROFILE_DEBUG', '-DNS3_ASSERT_ENABLE', '-DNS3_LOG_ENABLE', '-DHAVE_SYS_IOCTL_H=1', '-DHAVE_IF_NETS_H=1', '-DHAVE_NET_ETHERNET_H=1', '-DHAVE_IF_TUN_H=1', '../test.cpp', '-c', '-o/home/brian/netproject/NetProject/ns-allinone-3.29/ns-3.29/build/.conf_check_820e9a56968d0cf5709e253607b5da3b/testbuild/test.cpp.1.o']
[2/2] Linking [33mbuild/.conf_check_820e9a56968d0cf5709e253607b5da3b/testbuild/testprog[0m

['/usr/bin/g++', 'test.cpp.1.o', '-o/home/brian/netproject/NetProject/ns-allinone-3.29/ns-3.29/build/.conf_check_820e9a56968d0cf5709e253607b5da3b/testbuild/testprog', '-Wl,-Bstatic', '-Wl,-Bdynamic']
yes
------------------------------------------------------------------
Checking for NSC location
not found
------------------------------------------------------------------
Checking for program 'pkg-config'
not found
find program=['pkg-config'] paths=['/home/brian/bin', '/usr/local/bin', '/usr/local/sbin', '/usr/local/bin', '/usr/sbin', '/usr/bin', '/sbin', '/bin', '/usr/games', '/usr/local/games', '/usr/lib/wsl/lib', '/mnt/c/Program Files (x86)/Intel/Intel(R) Management Engine Components/iCLS/', '/mnt/c/Program Files/Intel/Intel(R) Management Engine Components/iCLS/', '/mnt/c/Program Files (x86)/Common Files/Oracle/Java/javapath', '/mnt/c/ProgramData/Oracle/Java/javapath', '/mnt/c/windows/system32', '/mnt/c/windows', '/mnt/c/windows/System32/Wbem', '/mnt/c/windows/System32/WindowsPowerShell/v1.0/', '/mnt/c/Program Files (x86)/NVIDIA Corporation/PhysX/Common', '/mnt/c/WINDOWS/system32', '/mnt/c/WINDOWS', '/mnt/c/WINDOWS/System32/Wbem', '/mnt/c/WINDOWS/System32/WindowsPowerShell/v1.0/', '/mnt/c/WINDOWS/System32/OpenSSH/', '/mnt/c/Program Files/Intel/WiFi/bin/', '/mnt/c/Program Files/Common Files/Intel/WirelessCommon/', '/mnt/c/Program Files (x86)/Intel/Intel(R) Management Engine Components/DAL', '/mnt/c/Program Files/Intel/Intel(R) Management Engine Components/DAL', '/mnt/c/Program Files/Java/jdk-11.0.6/bin', '/mnt/c/Program Files/Git/cmd', '/mnt/c/ProgramData/chocolatey/bin', '/mnt/c/Program Files/Microsoft VS Code/bin', '/mnt/c/MinGW/bin', '/mnt/c/Users/user/AppData/Local/Microsoft/WindowsApps', '/mnt/c/src/flutter/bin', '/mnt/c/Users/user/AppData/Local/atom/bin', '/mnt/c/Users/user/AppData/Local/Microsoft/WindowsApps', '/mnt/c/Program Files/JetBrains/PyCharm 2021.3.3/bin', '/mnt/c/MinGW/bin'] var='PKGCONFIG' -> None
from /home/brian/netproject/NetProject/ns-allinone-3.29/ns-3.29/src/stats: Could not find the program ['pkg-config']
------------------------------------------------------------------
Checking for header linux/if_tun.h
==>
#include <linux/if_tun.h>

int main(int argc, char **argv) {
	(void)argc; (void)argv;
	return 0;
}

<==
[1/2] Compiling [32mbuild/.conf_check_87c6189e9b231497d1653edb499aabb4/test.cpp[0m

['/usr/bin/g++', '-O0', '-ggdb', '-g3', '-Wall', '-Werror', '-std=c++11', '-DNS3_BUILD_PROFILE_DEBUG', '-DNS3_ASSERT_ENABLE', '-DNS3_LOG_ENABLE', '-DHAVE_SYS_IOCTL_H=1', '-DHAVE_IF_NETS_H=1', '-DHAVE_NET_ETHERNET_H=1', '-DHAVE_PACKET_H=1', '../test.cpp', '-c', '-o/home/brian/netproject/NetProject/ns-allinone-3.29/ns-3.29/build/.conf_check_87c6189e9b231497d1653edb499aabb4/testbuild/test.cpp.1.o']
[2/2] Linking [33mbuild/.conf_check_87c6189e9b231497d1653edb499aabb4/testbuild/testprog[0m

['/usr/bin/g++', 'test.cpp.1.o', '-o/home/brian/netproject/NetProject/ns-allinone-3.29/ns-3.29/build/.conf_check_87c6189e9b231497d1653edb499aabb4/testbuild/testprog', '-Wl,-Bstatic', '-Wl,-Bdynamic']
yes
------------------------------------------------------------------
Checking for program 'sudo'
/usr/bin/sudo
find program=['sudo'] paths=['/home/brian/bin', '/usr/local/bin', '/usr/local/sbin', '/usr/local/bin', '/usr/sbin', '/usr/bin', '/sbin', '/bin', '/usr/games', '/usr/local/games', '/usr/lib/wsl/lib', '/mnt/c/Program Files (x86)/Intel/Intel(R) Management Engine Components/iCLS/', '/mnt/c/Program Files/Intel/Intel(R) Management Engine Components/iCLS/', '/mnt/c/Program Files (x86)/Common Files/Oracle/Java/javapath', '/mnt/c/ProgramData/Oracle/Java/javapath', '/mnt/c/windows/system32', '/mnt/c/windows', '/mnt/c/windows/System32/Wbem', '/mnt/c/windows/System32/WindowsPowerShell/v1.0/', '/mnt/c/Program Files (x86)/NVIDIA Corporation/PhysX/Common', '/mnt/c/WINDOWS/system32', '/mnt/c/WINDOWS', '/mnt/c/WINDOWS/System32/Wbem', '/mnt/c/WINDOWS/System32/WindowsPowerShell/v1.0/', '/mnt/c/WINDOWS/System32/OpenSSH/', '/mnt/c/Program Files/Intel/WiFi/bin/', '/mnt/c/Program Files/Common Files/Intel/WirelessCommon/', '/mnt/c/Program Files (x86)/Intel/Intel(R) Management Engine Components/DAL', '/mnt/c/Program Files/Intel/Intel(R) Management Engine Components/DAL', '/mnt/c/Program Files/Java/jdk-11.0.6/bin', '/mnt/c/Program Files/Git/cmd', '/mnt/c/ProgramData/chocolatey/bin', '/mnt/c/Program Files/Microsoft VS Code/bin', '/mnt/c/MinGW/bin', '/mnt/c/Users/user/AppData/Local/Microsoft/WindowsApps', '/mnt/c/src/flutter/bin', '/mnt/c/Users/user/AppData/Local/atom/bin', '/mnt/c/Users/user/AppData/Local/Microsoft/WindowsApps', '/mnt/c/Program Files/JetBrains/PyCharm 2021.3.3/bin', '/mnt/c/MinGW/bin'] var='SUDO' -> ['/usr/bin/sudo']
------------------------------------------------------------------
Checking for program 'valgrind'
/usr/bin/valgrind
find program=['valgrind'] paths=['/home/brian/bin', '/usr/local/bin', '/usr/local/sbin', '/usr/local/bin', '/usr/sbin', '/usr/bin', '/sbin', '/bin', '/usr/games', '/usr/local/games', '/usr/lib/wsl/lib', '/mnt/c/Program Files (x86)/Intel/Intel(R) Management Engine Components/iCLS/', '/mnt/c/Program Files/Intel/Intel(R) Management Engine Components/iCLS/', '/mnt/c/Program Files (x86)/Common Files/Oracle/Java/javapath', '/mnt/c/ProgramData/Oracle/Java/javapath', '/mnt/c/windows/system32', '/mnt/c/windows', '/mnt/c/windows/System32/Wbem', '/mnt/c/windows/System32/WindowsPowerShell/v1.0/', '/mnt/c/Program Files (x86)/NVIDIA Corporation/PhysX/Common', '/mnt/c/WINDOWS/system32', '/mnt/c/WINDOWS', '/mnt/c/WINDOWS/System32/Wbem', '/mnt/c/WINDOWS/System32/WindowsPowerShell/v1.0/', '/mnt/c/WINDOWS/System32/OpenSSH/', '/mnt/c/Program Files/Intel/WiFi/bin/', '/mnt/c/Program Files/Common Files/Intel/WirelessCommon/', '/mnt/c/Program Files (x86)/Intel/Intel(R) Management Engine Components/DAL', '/mnt/c/Program Files/Intel/Intel(R) Management Engine Components/DAL', '/mnt/c/Program Files/Java/jdk-11.0.6/bin', '/mnt/c/Program Files/Git/cmd', '/mnt/c/ProgramData/chocolatey/bin', '/mnt/c/Program Files/Microsoft VS Code/bin', '/mnt/c/MinGW/bin', '/mnt/c/Users/user/AppData/Local/Microsoft/WindowsApps', '/mnt/c/src/flutter/bin', '/mnt/c/Users/user/AppData/Local/atom/bin', '/mnt/c/Users/user/AppData/Local/Microsoft/WindowsApps', '/mnt/c/Program Files/JetBrains/PyCharm 2021.3.3/bin', '/mnt/c/MinGW/bin'] var='VALGRIND' -> ['/usr/bin/valgrind']
------------------------------------------------------------------
Checking for program 'pkg-config'
not found
find program=['pkg-config'] paths=['/home/brian/bin', '/usr/local/bin', '/usr/local/sbin', '/usr/local/bin', '/usr/sbin', '/usr/bin', '/sbin', '/bin', '/usr/games', '/usr/local/games', '/usr/lib/wsl/lib', '/mnt/c/Program Files (x86)/Intel/Intel(R) Management Engine Components/iCLS/', '/mnt/c/Program Files/Intel/Intel(R) Management Engine Components/iCLS/', '/mnt/c/Program Files (x86)/Common Files/Oracle/Java/javapath', '/mnt/c/ProgramData/Oracle/Java/javapath', '/mnt/c/windows/system32', '/mnt/c/windows', '/mnt/c/windows/System32/Wbem', '/mnt/c/windows/System32/WindowsPowerShell/v1.0/', '/mnt/c/Program Files (x86)/NVIDIA Corporation/PhysX/Common', '/mnt/c/WINDOWS/system32', '/mnt/c/WINDOWS', '/mnt/c/WINDOWS/System32/Wbem', '/mnt/c/WINDOWS/System32/WindowsPowerShell/v1.0/', '/mnt/c/WINDOWS/System32/OpenSSH/', '/mnt/c/Program Files/Intel/WiFi/bin/', '/mnt/c/Program Files/Common Files/Intel/WirelessCommon/', '/mnt/c/Program Files (x86)/Intel/Intel(R) Management Engine Components/DAL', '/mnt/c/Program Files/Intel/Intel(R) Management Engine Components/DAL', '/mnt/c/Program Files/Java/jdk-11.0.6/bin', '/mnt/c/Program Files/Git/cmd', '/mnt/c/ProgramData/chocolatey/bin', '/mnt/c/Program Files/Microsoft VS Code/bin', '/mnt/c/MinGW/bin', '/mnt/c/Users/user/AppData/Local/Microsoft/WindowsApps', '/mnt/c/src/flutter/bin', '/mnt/c/Users/user/AppData/Local/atom/bin', '/mnt/c/Users/user/AppData/Local/Microsoft/WindowsApps', '/mnt/c/Program Files/JetBrains/PyCharm 2021.3.3/bin', '/mnt/c/MinGW/bin'] var='PKGCONFIG' -> None
from /home/brian/netproject/NetProject/ns-allinone-3.29/ns-3.29: Could not find the program ['pkg-config']
------------------------------------------------------------------
python-config
not found
find program=['libgcrypt-config'] paths=['/home/brian/bin', '/usr/local/bin', '/usr/local/sbin', '/usr/local/bin', '/usr/sbin', '/usr/bin', '/sbin', '/bin', '/usr/games', '/usr/local/games', '/usr/lib/wsl/lib', '/mnt/c/Program Files (x86)/Intel/Intel(R) Management Engine Components/iCLS/', '/mnt/c/Program Files/Intel/Intel(R) Management Engine Components/iCLS/', '/mnt/c/Program Files (x86)/Common Files/Oracle/Java/javapath', '/mnt/c/ProgramData/Oracle/Java/javapath', '/mnt/c/windows/system32', '/mnt/c/windows', '/mnt/c/windows/System32/Wbem', '/mnt/c/windows/System32/WindowsPowerShell/v1.0/', '/mnt/c/Program Files (x86)/NVIDIA Corporation/PhysX/Common', '/mnt/c/WINDOWS/system32', '/mnt/c/WINDOWS', '/mnt/c/WINDOWS/System32/Wbem', '/mnt/c/WINDOWS/System32/WindowsPowerShell/v1.0/', '/mnt/c/WINDOWS/System32/OpenSSH/', '/mnt/c/Program Files/Intel/WiFi/bin/', '/mnt/c/Program Files/Common Files/Intel/WirelessCommon/', '/mnt/c/Program Files (x86)/Intel/Intel(R) Management Engine Components/DAL', '/mnt/c/Program Files/Intel/Intel(R) Management Engine Components/DAL', '/mnt/c/Program Files/Java/jdk-11.0.6/bin', '/mnt/c/Program Files/Git/cmd', '/mnt/c/ProgramData/chocolatey/bin', '/mnt/c/Program Files/Microsoft VS Code/bin', '/mnt/c/MinGW/bin', '/mnt/c/Users/user/AppData/Local/Microsoft/WindowsApps', '/mnt/c/src/flutter/bin', '/mnt/c/Users/user/AppData/Local/atom/bin', '/mnt/c/Users/user/AppData/Local/Microsoft/WindowsApps', '/mnt/c/Program Files/JetBrains/PyCharm 2021.3.3/bin', '/mnt/c/MinGW/bin'] var='LIBGCRYPT_CONFIG' -> None
from /home/brian/netproject/NetProject/ns-allinone-3.29/ns-3.29: Could not find the program ['libgcrypt-config']
------------------------------------------------------------------
Checking for compilation flag -fstrict-aliasing support
==>
int main() { return 0; }
<==
[1/1] Compiling [32mbuild/.conf_check_576df207a385f09c841984d41c738c62/test.cpp[0m

['/usr/bin/g++', '-O0', '-ggdb', '-g3', '-Wall', '-Werror', '-std=c++11', '-fstrict-aliasing', '-DNS3_BUILD_PROFILE_DEBUG', '-DNS3_ASSERT_ENABLE', '-DNS3_LOG_ENABLE', '-DHAVE_SYS_IOCTL_H=1', '-DHAVE_IF_NETS_H=1', '-DHAVE_NET_ETHERNET_H=1', '-DHAVE_PACKET_H=1', '-DHAVE_IF_TUN_H=1', '../test.cpp', '-c', '-o/home/brian/netproject/NetProject/ns-allinone-3.29/ns-3.29/build/.conf_check_576df207a385f09c841984d41c738c62/testbuild/test.cpp.1.o']
ok
------------------------------------------------------------------
Checking for compilation flag -fstrict-aliasing support
==>
int main() { return 0; }
<==
[1/1] Compiling [32mbuild/.conf_check_60cacd8f9b4ed1cf78fe6aec640186d5/test.c[0m

['/usr/bin/gcc', '-fstrict-aliasing', '-DNS3_BUILD_PROFILE_DEBUG', '-DNS3_ASSERT_ENABLE', '-DNS3_LOG_ENABLE', '-DHAVE_SYS_IOCTL_H=1', '-DHAVE_IF_NETS_H=1', '-DHAVE_NET_ETHERNET_H=1', '-DHAVE_PACKET_H=1', '-DHAVE_IF_TUN_H=1', '../test.c', '-c', '-o/home/brian/netproject/NetProject/ns-allinone-3.29/ns-3.29/build/.conf_check_60cacd8f9b4ed1cf78fe6aec640186d5/testbuild/test.c.1.o']
ok
------------------------------------------------------------------
Checking for compilation flag -Wstrict-aliasing support
==>
int main() { return 0; }
<==
[1/1] Compiling [32mbuild/.conf_check_576df207a385f09c841984d41c738c62/test.cpp[0m

['/usr/bin/g++', '-O0', '-ggdb', '-g3', '-Wall', '-Werror', '-std=c++11', '-fstrict-aliasing', '-Wstrict-aliasing', '-DNS3_BUILD_PROFILE_DEBUG', '-DNS3_ASSERT_ENABLE', '-DNS3_LOG_ENABLE', '-DHAVE_SYS_IOCTL_H=1', '-DHAVE_IF_NETS_H=1', '-DHAVE_NET_ETHERNET_H=1', '-DHAVE_PACKET_H=1', '-DHAVE_IF_TUN_H=1', '../test.cpp', '-c', '-o/home/brian/netproject/NetProject/ns-allinone-3.29/ns-3.29/build/.conf_check_576df207a385f09c841984d41c738c62/testbuild/test.cpp.1.o']
ok
------------------------------------------------------------------
Checking for compilation flag -Wstrict-aliasing support
==>
int main() { return 0; }
<==
[1/1] Compiling [32mbuild/.conf_check_60cacd8f9b4ed1cf78fe6aec640186d5/test.c[0m

['/usr/bin/gcc', '-Wstrict-aliasing', '-DNS3_BUILD_PROFILE_DEBUG', '-DNS3_ASSERT_ENABLE', '-DNS3_LOG_ENABLE', '-DHAVE_SYS_IOCTL_H=1', '-DHAVE_IF_NETS_H=1', '-DHAVE_NET_ETHERNET_H=1', '-DHAVE_PACKET_H=1', '-DHAVE_IF_TUN_H=1', '../test.c', '-c', '-o/home/brian/netproject/NetProject/ns-allinone-3.29/ns-3.29/build/.conf_check_60cacd8f9b4ed1cf78fe6aec640186d5/testbuild/test.c.1.o']
ok
------------------------------------------------------------------
Checking for program 'doxygen'
not found
find program=['doxygen'] paths=['/home/brian/bin', '/usr/local/bin', '/usr/local/sbin', '/usr/local/bin', '/usr/sbin', '/usr/bin', '/sbin', '/bin', '/usr/games', '/usr/local/games', '/usr/lib/wsl/lib', '/mnt/c/Program Files (x86)/Intel/Intel(R) Management Engine Components/iCLS/', '/mnt/c/Program Files/Intel/Intel(R) Management Engine Components/iCLS/', '/mnt/c/Program Files (x86)/Common Files/Oracle/Java/javapath', '/mnt/c/ProgramData/Oracle/Java/javapath', '/mnt/c/windows/system32', '/mnt/c/windows', '/mnt/c/windows/System32/Wbem', '/mnt/c/windows/System32/WindowsPowerShell/v1.0/', '/mnt/c/Program Files (x86)/NVIDIA Corporation/PhysX/Common', '/mnt/c/WINDOWS/system32', '/mnt/c/WINDOWS', '/mnt/c/WINDOWS/System32/Wbem', '/mnt/c/WINDOWS/System32/WindowsPowerShell/v1.0/', '/mnt/c/WINDOWS/System32/OpenSSH/', '/mnt/c/Program Files/Intel/WiFi/bin/', '/mnt/c/Program Files/Common Files/Intel/WirelessCommon/', '/mnt/c/Program Files (x86)/Intel/Intel(R) Management Engine Components/DAL', '/mnt/c/Program Files/Intel/Intel(R) Management Engine Components/DAL', '/mnt/c/Program Files/Java/jdk-11.0.6/bin', '/mnt/c/Program Files/Git/cmd', '/mnt/c/ProgramData/chocolatey/bin', '/mnt/c/Program Files/Microsoft VS Code/bin', '/mnt/c/MinGW/bin', '/mnt/c/Users/user/AppData/Local/Microsoft/WindowsApps', '/mnt/c/src/flutter/bin', '/mnt/c/Users/user/AppData/Local/atom/bin', '/mnt/c/Users/user/AppData/Local/Microsoft/WindowsApps', '/mnt/c/Program Files/JetBrains/PyCharm 2021.3.3/bin', '/mnt/c/MinGW/bin'] var='DOXYGEN' -> None
from /home/brian/netproject/NetProject/ns-allinone-3.29/ns-3.29: Could not find the program ['doxygen']
